++========================================
||
||   Package:  ./foot-1.13.1-x86_64-1_nwg.txz
||
++========================================
drwxr-xr-x root/root         0 2022-12-29 03:57 ./
drwxr-xr-x root/root         0 2022-12-29 03:57 etc/
drwxr-xr-x root/root         0 2022-12-29 03:57 etc/xdg/
drwxr-xr-x root/root         0 2022-12-29 03:57 etc/xdg/foot/
-rw-r--r-- root/root      5185 2022-08-31 13:19 etc/xdg/foot/foot.ini
drwxr-xr-x root/root         0 2022-12-29 03:57 install/
-rw-r--r-- root/root       322 2022-12-29 03:57 install/doinst.sh
-rw-r--r-- root/root       667 2022-12-29 03:57 install/slack-desc
drwxr-xr-x root/root         0 2022-12-29 03:57 usr/
drwxr-xr-x root/root         0 2022-12-29 03:57 usr/bin/
-rwxr-xr-x root/root    377696 2022-12-29 03:57 usr/bin/foot
-rwxr-xr-x root/root     27056 2022-12-29 03:57 usr/bin/footclient
drwxr-xr-x root/root         0 2022-12-29 03:57 usr/doc/
drwxr-xr-x root/root         0 2022-12-29 03:57 usr/doc/foot-1.13.1/
-rw-r--r-- root/root     79302 2022-08-31 13:19 usr/doc/foot-1.13.1/CHANGELOG.md
-rw-r--r-- root/root      1070 2022-08-31 13:19 usr/doc/foot-1.13.1/LICENSE
-rw-r--r-- root/root     20507 2022-08-31 13:19 usr/doc/foot-1.13.1/README.md
-rw-r--r-- root/root      3698 2022-12-29 03:57 usr/doc/foot-1.13.1/foot.SlackBuild
drwxr-xr-x root/root         0 2022-12-29 03:57 usr/man/
drwxr-xr-x root/root         0 2022-12-29 03:57 usr/man/man1/
-rw-r--r-- root/root      7591 2022-12-29 03:57 usr/man/man1/foot.1.gz
-rw-r--r-- root/root      2456 2022-12-29 03:57 usr/man/man1/footclient.1.gz
drwxr-xr-x root/root         0 2022-12-29 03:57 usr/man/man5/
-rw-r--r-- root/root     15940 2022-12-29 03:57 usr/man/man5/foot.ini.5.gz
drwxr-xr-x root/root         0 2022-12-29 03:57 usr/man/man7/
-rw-r--r-- root/root      5896 2022-12-29 03:57 usr/man/man7/foot-ctlseqs.7.gz
drwxr-xr-x root/root         0 2022-12-29 03:57 usr/share/
drwxr-xr-x root/root         0 2022-12-29 03:57 usr/share/applications/
-rw-r--r-- root/root       247 2022-08-31 13:19 usr/share/applications/foot-server.desktop
-rw-r--r-- root/root       222 2022-08-31 13:19 usr/share/applications/foot.desktop
-rw-r--r-- root/root       244 2022-08-31 13:19 usr/share/applications/footclient.desktop
drwxr-xr-x root/root         0 2022-12-29 03:57 usr/share/bash-completion/
drwxr-xr-x root/root         0 2022-12-29 03:57 usr/share/bash-completion/completions/
-rw-r--r-- root/root      2869 2022-08-31 13:19 usr/share/bash-completion/completions/foot
-rw-r--r-- root/root      2566 2022-08-31 13:19 usr/share/bash-completion/completions/footclient
drwxr-xr-x root/root         0 2022-12-29 03:57 usr/share/fish/
drwxr-xr-x root/root         0 2022-12-29 03:57 usr/share/fish/vendor_completions.d/
-rw-r--r-- root/root      3260 2022-08-31 13:19 usr/share/fish/vendor_completions.d/foot.fish
-rw-r--r-- root/root      2957 2022-08-31 13:19 usr/share/fish/vendor_completions.d/footclient.fish
drwxr-xr-x root/root         0 2022-12-29 03:57 usr/share/foot/
drwxr-xr-x root/root         0 2022-12-29 03:57 usr/share/foot/themes/
-rw-r--r-- root/root       423 2022-08-31 13:19 usr/share/foot/themes/apprentice
-rw-r--r-- root/root       553 2022-08-31 13:19 usr/share/foot/themes/catppuccin
-rw-r--r-- root/root       331 2022-08-31 13:19 usr/share/foot/themes/derp
-rw-r--r-- root/root       549 2022-08-31 13:19 usr/share/foot/themes/dracula
-rw-r--r-- root/root       304 2022-08-31 13:19 usr/share/foot/themes/gruvbox-dark
-rw-r--r-- root/root       312 2022-08-31 13:19 usr/share/foot/themes/gruvbox-light
-rw-r--r-- root/root       545 2022-08-31 13:19 usr/share/foot/themes/hacktober
-rw-r--r-- root/root       697 2022-08-31 13:19 usr/share/foot/themes/jetbrains-darcula
-rw-r--r-- root/root       529 2022-08-31 13:19 usr/share/foot/themes/kitty
-rw-r--r-- root/root       629 2022-08-31 13:19 usr/share/foot/themes/material-design
-rw-r--r-- root/root       308 2022-08-31 13:19 usr/share/foot/themes/monokai-pro
-rw-r--r-- root/root       848 2022-08-31 13:19 usr/share/foot/themes/nord
-rw-r--r-- root/root       334 2022-08-31 13:19 usr/share/foot/themes/nordiq
-rw-r--r-- root/root       703 2022-08-31 13:19 usr/share/foot/themes/paper-color-dark
-rw-r--r-- root/root       704 2022-08-31 13:19 usr/share/foot/themes/paper-color-light
-rw-r--r-- root/root      1053 2022-08-31 13:19 usr/share/foot/themes/rezza
-rw-r--r-- root/root       404 2022-08-31 13:19 usr/share/foot/themes/selenized-black
-rw-r--r-- root/root       403 2022-08-31 13:19 usr/share/foot/themes/selenized-dark
-rw-r--r-- root/root       402 2022-08-31 13:19 usr/share/foot/themes/selenized-light
-rw-r--r-- root/root       402 2022-08-31 13:19 usr/share/foot/themes/selenized-white
-rw-r--r-- root/root       563 2022-08-31 13:19 usr/share/foot/themes/solarized-dark
-rw-r--r-- root/root       617 2022-08-31 13:19 usr/share/foot/themes/solarized-dark-normal-brights
-rw-r--r-- root/root       634 2022-08-31 13:19 usr/share/foot/themes/solarized-light
-rw-r--r-- root/root       332 2022-08-31 13:19 usr/share/foot/themes/tango
-rw-r--r-- root/root       594 2022-08-31 13:19 usr/share/foot/themes/tempus-autumn
-rw-r--r-- root/root       567 2022-08-31 13:19 usr/share/foot/themes/tempus-classic
-rw-r--r-- root/root       592 2022-08-31 13:19 usr/share/foot/themes/tempus-dawn
-rw-r--r-- root/root       567 2022-08-31 13:19 usr/share/foot/themes/tempus-day
-rw-r--r-- root/root       600 2022-08-31 13:19 usr/share/foot/themes/tempus-dusk
-rw-r--r-- root/root       604 2022-08-31 13:19 usr/share/foot/themes/tempus-fugit
-rw-r--r-- root/root       604 2022-08-31 13:19 usr/share/foot/themes/tempus-future
-rw-r--r-- root/root       585 2022-08-31 13:19 usr/share/foot/themes/tempus-night
-rw-r--r-- root/root       588 2022-08-31 13:19 usr/share/foot/themes/tempus-past
-rw-r--r-- root/root       606 2022-08-31 13:19 usr/share/foot/themes/tempus-rift
-rw-r--r-- root/root       599 2022-08-31 13:19 usr/share/foot/themes/tempus-spring
-rw-r--r-- root/root       603 2022-08-31 13:19 usr/share/foot/themes/tempus-summer
-rw-r--r-- root/root       593 2022-08-31 13:19 usr/share/foot/themes/tempus-tempest
-rw-r--r-- root/root       593 2022-08-31 13:19 usr/share/foot/themes/tempus-totus
-rw-r--r-- root/root       572 2022-08-31 13:19 usr/share/foot/themes/tempus-warp
-rw-r--r-- root/root       604 2022-08-31 13:19 usr/share/foot/themes/tempus-winter
-rw-r--r-- root/root       292 2022-08-31 13:19 usr/share/foot/themes/tokyonight-day
-rw-r--r-- root/root       293 2022-08-31 13:19 usr/share/foot/themes/tokyonight-night
-rw-r--r-- root/root       293 2022-08-31 13:19 usr/share/foot/themes/tokyonight-storm
-rw-r--r-- root/root       335 2022-08-31 13:19 usr/share/foot/themes/visibone
drwxr-xr-x root/root         0 2022-12-29 03:57 usr/share/icons/
drwxr-xr-x root/root         0 2022-12-29 03:57 usr/share/icons/hicolor/
drwxr-xr-x root/root         0 2022-12-29 03:57 usr/share/icons/hicolor/48x48/
drwxr-xr-x root/root         0 2022-12-29 03:57 usr/share/icons/hicolor/48x48/apps/
-rw-r--r-- root/root       977 2022-08-31 13:19 usr/share/icons/hicolor/48x48/apps/foot.png
drwxr-xr-x root/root         0 2022-12-29 03:57 usr/share/icons/hicolor/scalable/
drwxr-xr-x root/root         0 2022-12-29 03:57 usr/share/icons/hicolor/scalable/apps/
-rw-r--r-- root/root      3165 2022-08-31 13:19 usr/share/icons/hicolor/scalable/apps/foot.svg
drwxr-xr-x root/root         0 2022-12-29 03:57 usr/share/terminfo/
drwxr-xr-x root/root         0 2022-12-29 03:57 usr/share/terminfo/f/
-rw-r--r-- root/root      3559 2022-12-29 03:57 usr/share/terminfo/f/foot
-rw-r--r-- root/root      3623 2022-12-29 03:57 usr/share/terminfo/f/foot-direct
drwxr-xr-x root/root         0 2022-12-29 03:57 usr/share/zsh/
drwxr-xr-x root/root         0 2022-12-29 03:57 usr/share/zsh/site-functions/
-rw-r--r-- root/root      2458 2022-08-31 13:19 usr/share/zsh/site-functions/_foot
-rw-r--r-- root/root      2077 2022-08-31 13:19 usr/share/zsh/site-functions/_footclient


