++========================================
||
||   Package:  ./nwg-menu-0.1.1-x86_64-1_nwg.txz
||
++========================================
drwxr-xr-x root/root         0 2022-12-29 05:20 ./
drwxr-xr-x root/root         0 2022-12-29 05:20 install/
-rw-r--r-- root/root       992 2022-12-29 05:20 install/slack-desc
drwxr-xr-x root/root         0 2022-12-29 05:20 usr/
drwxr-xr-x root/root         0 2022-12-29 05:20 usr/bin/
-rwxr-xr-x root/root  20571728 2022-12-29 05:20 usr/bin/nwg-menu
drwxr-xr-x root/root         0 2022-12-29 05:20 usr/doc/
drwxr-xr-x root/root         0 2022-12-29 05:20 usr/doc/nwg-menu-0.1.1/
-rw-r--r-- root/root      1069 2021-06-19 19:37 usr/doc/nwg-menu-0.1.1/LICENSE
-rw-r--r-- root/root      4339 2021-06-19 19:37 usr/doc/nwg-menu-0.1.1/README.md
-rw-r--r-- root/root      3683 2022-12-29 05:20 usr/doc/nwg-menu-0.1.1/nwg-menu.SlackBuild
drwxr-xr-x root/root         0 2022-12-29 05:20 usr/share/
drwxr-xr-x root/root         0 2022-12-29 05:20 usr/share/nwg-menu/
drwxr-xr-x root/root         0 2022-12-29 05:20 usr/share/nwg-menu/desktop-directories/
-rw-r--r-- root/root      7144 2022-12-29 05:20 usr/share/nwg-menu/desktop-directories/audio-video.directory
-rw-r--r-- root/root      8745 2022-12-29 05:20 usr/share/nwg-menu/desktop-directories/development.directory
-rw-r--r-- root/root      5996 2022-12-29 05:20 usr/share/nwg-menu/desktop-directories/game.directory
-rw-r--r-- root/root      6633 2022-12-29 05:20 usr/share/nwg-menu/desktop-directories/graphics.directory
-rw-r--r-- root/root      8229 2022-12-29 05:20 usr/share/nwg-menu/desktop-directories/internet-and-network.directory
-rw-r--r-- root/root      6303 2022-12-29 05:20 usr/share/nwg-menu/desktop-directories/office.directory
-rw-r--r-- root/root      9632 2022-12-29 05:20 usr/share/nwg-menu/desktop-directories/other.directory
-rw-r--r-- root/root      9666 2022-12-29 05:20 usr/share/nwg-menu/desktop-directories/system-tools.directory
-rw-r--r-- root/root      7322 2022-12-29 05:20 usr/share/nwg-menu/desktop-directories/utility.directory
-rw-r--r-- root/root       302 2022-12-29 05:20 usr/share/nwg-menu/menu-start.css


