++========================================
||
||   Package:  ./python-frozenlist-1.3.3-x86_64-1_nwg.txz
||
++========================================
drwxr-xr-x root/root         0 2022-12-29 03:13 ./
drwxr-xr-x root/root         0 2022-12-29 03:13 install/
-rw-r--r-- root/root       915 2022-12-29 03:13 install/slack-desc
drwxr-xr-x root/root         0 2022-12-29 03:13 usr/
drwxr-xr-x root/root         0 2022-12-29 03:13 usr/doc/
drwxr-xr-x root/root         0 2022-12-29 03:13 usr/doc/python-frozenlist-1.3.3/
-rw-r--r-- root/root      2699 2022-11-08 09:33 usr/doc/python-frozenlist-1.3.3/CHANGES.rst
-rw-r--r-- root/root       111 2022-11-08 09:33 usr/doc/python-frozenlist-1.3.3/CONTRIBUTORS.txt
-rw-r--r-- root/root     11332 2022-11-08 09:33 usr/doc/python-frozenlist-1.3.3/LICENSE
-rw-r--r-- root/root      3266 2022-11-08 09:33 usr/doc/python-frozenlist-1.3.3/README.rst
-rw-r--r-- root/root      3148 2022-12-29 03:13 usr/doc/python-frozenlist-1.3.3/python-frozenlist.SlackBuild
drwxr-xr-x root/root         0 2022-12-29 03:13 usr/lib64/
drwxr-xr-x root/root         0 2022-12-29 03:13 usr/lib64/python3.9/
drwxr-xr-x root/root         0 2022-12-29 03:13 usr/lib64/python3.9/site-packages/
drwxr-xr-x root/root         0 2022-12-29 03:13 usr/lib64/python3.9/site-packages/frozenlist/
drwxr-xr-x root/root         0 2022-12-29 03:13 usr/lib64/python3.9/site-packages/frozenlist-1.3.3-py3.9.egg-info/
-rw-r--r-- root/root      4693 2022-12-29 03:13 usr/lib64/python3.9/site-packages/frozenlist-1.3.3-py3.9.egg-info/PKG-INFO
-rw-r--r-- root/root       507 2022-12-29 03:13 usr/lib64/python3.9/site-packages/frozenlist-1.3.3-py3.9.egg-info/SOURCES.txt
-rw-r--r-- root/root         1 2022-12-29 03:13 usr/lib64/python3.9/site-packages/frozenlist-1.3.3-py3.9.egg-info/dependency_links.txt
-rw-r--r-- root/root         1 2022-11-08 09:34 usr/lib64/python3.9/site-packages/frozenlist-1.3.3-py3.9.egg-info/not-zip-safe
-rw-r--r-- root/root        11 2022-12-29 03:13 usr/lib64/python3.9/site-packages/frozenlist-1.3.3-py3.9.egg-info/top_level.txt
-rw-r--r-- root/root      2323 2022-11-08 09:33 usr/lib64/python3.9/site-packages/frozenlist/__init__.py
-rw-r--r-- root/root      1470 2022-11-08 09:33 usr/lib64/python3.9/site-packages/frozenlist/__init__.pyi
drwxr-xr-x root/root         0 2022-12-29 03:13 usr/lib64/python3.9/site-packages/frozenlist/__pycache__/
-rw-r--r-- root/root      3251 2022-12-29 03:13 usr/lib64/python3.9/site-packages/frozenlist/__pycache__/__init__.cpython-39.pyc
-rwxr-xr-x root/root     76080 2022-12-29 03:13 usr/lib64/python3.9/site-packages/frozenlist/_frozenlist.cpython-39-x86_64-linux-gnu.so
-rw-r--r-- root/root      2983 2022-11-08 09:33 usr/lib64/python3.9/site-packages/frozenlist/_frozenlist.pyx
-rw-r--r-- root/root         7 2022-11-08 09:33 usr/lib64/python3.9/site-packages/frozenlist/py.typed


