++========================================
||
||   Package:  ./scdoc-1.11.2-x86_64-1_nwg.txz
||
++========================================
drwxr-xr-x root/root         0 2022-12-29 01:59 ./
drwxr-xr-x root/root         0 2022-12-29 01:59 install/
-rw-r--r-- root/root       656 2022-12-29 01:59 install/slack-desc
drwxr-xr-x root/root         0 2022-12-29 01:59 usr/
drwxr-xr-x root/root         0 2022-12-29 01:59 usr/bin/
-rwxr-xr-x root/root    891664 2022-12-29 01:59 usr/bin/scdoc
drwxr-xr-x root/root         0 2022-12-29 01:59 usr/doc/
drwxr-xr-x root/root         0 2022-12-29 01:59 usr/doc/scdoc-1.11.2/
-rw-r--r-- root/root      1063 2021-11-13 03:04 usr/doc/scdoc-1.11.2/COPYING
-rw-r--r-- root/root       473 2021-11-13 03:04 usr/doc/scdoc-1.11.2/README.md
-rw-r--r-- root/root      3341 2022-12-29 01:59 usr/doc/scdoc-1.11.2/scdoc.SlackBuild
drwxr-xr-x root/root         0 2022-12-29 01:59 usr/man/
drwxr-xr-x root/root         0 2022-12-29 01:59 usr/man/man1/
-rw-r--r-- root/root       482 2022-12-29 01:59 usr/man/man1/scdoc.1.gz
drwxr-xr-x root/root         0 2022-12-29 01:59 usr/man/man5/
-rw-r--r-- root/root      2560 2022-12-29 01:59 usr/man/man5/scdoc.5.gz
drwxr-xr-x root/root         0 2022-12-29 01:59 usr/share/
drwxr-xr-x root/root         0 2022-12-29 01:59 usr/share/pkgconfig/
-rw-r--r-- root/root       126 2022-12-29 01:59 usr/share/pkgconfig/scdoc.pc


