++========================================
||
||   Package:  ./seatd-0.7.0-x86_64-1_nwg.txz
||
++========================================
drwxr-xr-x root/root         0 2022-12-29 02:01 ./
drwxr-xr-x root/root         0 2022-12-29 02:01 install/
-rw-r--r-- root/root        87 2022-12-29 02:01 install/doinst.sh
-rw-r--r-- root/root       773 2022-12-29 02:01 install/slack-desc
drwxr-xr-x root/root         0 2022-12-29 02:01 usr/
drwxr-xr-x root/root         0 2022-12-29 02:01 usr/bin/
-rwxr-xr-x root/root     51728 2022-12-29 02:01 usr/bin/seatd
-rwxr-xr-x root/root     14576 2022-12-29 02:01 usr/bin/seatd-launch
drwxr-xr-x root/root         0 2022-12-29 02:01 usr/doc/
drwxr-xr-x root/root         0 2022-12-29 02:01 usr/doc/seatd-0.7.0/
-rw-r--r-- root/root      1054 2022-05-23 16:03 usr/doc/seatd-0.7.0/LICENSE
-rw-r--r-- root/root      2604 2022-05-23 16:03 usr/doc/seatd-0.7.0/README.md
-rw-r--r-- root/root      3656 2022-12-29 02:01 usr/doc/seatd-0.7.0/seatd.SlackBuild
drwxr-xr-x root/root         0 2022-12-29 02:01 usr/include/
-rw-r--r-- root/root      5777 2022-05-23 16:03 usr/include/libseat.h
drwxr-xr-x root/root         0 2022-12-29 02:01 usr/lib64/
-rwxr-xr-x root/root     72216 2022-12-29 02:01 usr/lib64/libseat.so.1
drwxr-xr-x root/root         0 2022-12-29 02:01 usr/lib64/pkgconfig/
-rw-r--r-- root/root       280 2022-12-29 02:01 usr/lib64/pkgconfig/libseat.pc
drwxr-xr-x root/root         0 2022-12-29 02:01 usr/man/
drwxr-xr-x root/root         0 2022-12-29 02:01 usr/man/man1/
-rw-r--r-- root/root      1108 2022-12-29 02:01 usr/man/man1/seatd-launch.1.gz
-rw-r--r-- root/root       856 2022-12-29 02:01 usr/man/man1/seatd.1.gz


