++========================================
||
||   Package:  ./swappy-1.5.1-x86_64-1_nwg.txz
||
++========================================
drwxr-xr-x root/root         0 2022-12-29 04:16 ./
drwxr-xr-x root/root         0 2022-12-29 04:16 install/
-rw-r--r-- root/root       855 2022-12-29 04:16 install/slack-desc
drwxr-xr-x root/root         0 2022-12-29 04:16 usr/
drwxr-xr-x root/root         0 2022-12-29 04:16 usr/bin/
-rwxr-xr-x root/root    114304 2022-12-29 04:16 usr/bin/swappy
drwxr-xr-x root/root         0 2022-12-29 04:16 usr/doc/
drwxr-xr-x root/root         0 2022-12-29 04:16 usr/doc/swappy-1.5.1/
-rw-r--r-- root/root     17800 2022-11-20 16:50 usr/doc/swappy-1.5.1/CHANGELOG.md
-rw-r--r-- root/root      1070 2022-11-20 16:50 usr/doc/swappy-1.5.1/LICENSE
-rw-r--r-- root/root      5943 2022-11-20 16:50 usr/doc/swappy-1.5.1/README.md
-rw-r--r-- root/root      3411 2022-12-29 04:16 usr/doc/swappy-1.5.1/swappy.SlackBuild
drwxr-xr-x root/root         0 2022-12-29 04:16 usr/man/
drwxr-xr-x root/root         0 2022-12-29 04:16 usr/man/man1/
-rw-r--r-- root/root      2001 2022-12-29 04:16 usr/man/man1/swappy.1.gz
drwxr-xr-x root/root         0 2022-12-29 04:16 usr/share/
drwxr-xr-x root/root         0 2022-12-29 04:16 usr/share/applications/
-rw-r--r-- root/root       754 2022-12-29 04:16 usr/share/applications/swappy.desktop
drwxr-xr-x root/root         0 2022-12-29 04:16 usr/share/icons/
drwxr-xr-x root/root         0 2022-12-29 04:16 usr/share/icons/hicolor/
drwxr-xr-x root/root         0 2022-12-29 04:16 usr/share/icons/hicolor/scalable/
drwxr-xr-x root/root         0 2022-12-29 04:16 usr/share/icons/hicolor/scalable/apps/
-rw-r--r-- root/root      4941 2022-11-20 16:50 usr/share/icons/hicolor/scalable/apps/swappy.svg
drwxr-xr-x root/root         0 2022-12-29 04:16 usr/share/locale/
drwxr-xr-x root/root         0 2022-12-29 04:16 usr/share/locale/de/
drwxr-xr-x root/root         0 2022-12-29 04:16 usr/share/locale/de/LC_MESSAGES/
-rw-r--r-- root/root       806 2022-12-29 04:16 usr/share/locale/de/LC_MESSAGES/swappy.mo
drwxr-xr-x root/root         0 2022-12-29 04:16 usr/share/locale/en/
drwxr-xr-x root/root         0 2022-12-29 04:16 usr/share/locale/en/LC_MESSAGES/
-rw-r--r-- root/root       865 2022-12-29 04:16 usr/share/locale/en/LC_MESSAGES/swappy.mo
drwxr-xr-x root/root         0 2022-12-29 04:16 usr/share/locale/fr/
drwxr-xr-x root/root         0 2022-12-29 04:16 usr/share/locale/fr/LC_MESSAGES/
-rw-r--r-- root/root       990 2022-12-29 04:16 usr/share/locale/fr/LC_MESSAGES/swappy.mo
drwxr-xr-x root/root         0 2022-12-29 04:16 usr/share/locale/pt_BR/
drwxr-xr-x root/root         0 2022-12-29 04:16 usr/share/locale/pt_BR/LC_MESSAGES/
-rw-r--r-- root/root       839 2022-12-29 04:16 usr/share/locale/pt_BR/LC_MESSAGES/swappy.mo
drwxr-xr-x root/root         0 2022-12-29 04:16 usr/share/locale/tr/
drwxr-xr-x root/root         0 2022-12-29 04:16 usr/share/locale/tr/LC_MESSAGES/
-rw-r--r-- root/root       811 2022-12-29 04:16 usr/share/locale/tr/LC_MESSAGES/swappy.mo


