++========================================
||
||   Package:  ./sway-1.8-x86_64-1_nwg.txz
||
++========================================
drwxr-xr-x root/root         0 2022-12-29 02:11 ./
drwxr-xr-x root/root         0 2022-12-29 02:11 etc/
drwxr-xr-x root/root         0 2022-12-29 02:11 etc/sway/
-rw-r--r-- root/root      6939 2022-12-29 02:10 etc/sway/config
drwxr-xr-x root/root         0 2022-12-29 02:11 install/
-rw-r--r-- root/root       681 2022-12-29 02:11 install/slack-desc
drwxr-xr-x root/root         0 2022-12-29 02:11 usr/
drwxr-xr-x root/root         0 2022-12-29 02:11 usr/bin/
-rwxr-xr-x root/root    549064 2022-12-29 02:11 usr/bin/sway
-rwxr-xr-x root/root    131896 2022-12-29 02:11 usr/bin/swaybar
-rwxr-xr-x root/root     35480 2022-12-29 02:11 usr/bin/swaymsg
-rwxr-xr-x root/root     73816 2022-12-29 02:11 usr/bin/swaynag
drwxr-xr-x root/root         0 2022-12-29 02:11 usr/doc/
drwxr-xr-x root/root         0 2022-12-29 02:11 usr/doc/sway-1.8/
-rw-r--r-- root/root      8537 2022-12-25 10:59 usr/doc/sway-1.8/CONTRIBUTING.md
-rw-r--r-- root/root      1061 2022-12-25 10:59 usr/doc/sway-1.8/LICENSE
-rw-r--r-- root/root      2314 2022-12-25 10:59 usr/doc/sway-1.8/README.de.md
-rw-r--r-- root/root      2166 2022-12-25 10:59 usr/doc/sway-1.8/README.dk.md
-rw-r--r-- root/root      2112 2022-12-25 10:59 usr/doc/sway-1.8/README.es.md
-rw-r--r-- root/root      2579 2022-12-25 10:59 usr/doc/sway-1.8/README.fr.md
-rw-r--r-- root/root      2901 2022-12-25 10:59 usr/doc/sway-1.8/README.gr.md
-rw-r--r-- root/root      3335 2022-12-25 10:59 usr/doc/sway-1.8/README.hi.md
-rw-r--r-- root/root      2565 2022-12-25 10:59 usr/doc/sway-1.8/README.hu.md
-rw-r--r-- root/root      3368 2022-12-25 10:59 usr/doc/sway-1.8/README.ir.md
-rw-r--r-- root/root      2153 2022-12-25 10:59 usr/doc/sway-1.8/README.it.md
-rw-r--r-- root/root      2664 2022-12-25 10:59 usr/doc/sway-1.8/README.ja.md
-rw-r--r-- root/root      2201 2022-12-25 10:59 usr/doc/sway-1.8/README.ko.md
-rw-r--r-- root/root      2816 2022-12-25 10:59 usr/doc/sway-1.8/README.md
-rw-r--r-- root/root      2118 2022-12-25 10:59 usr/doc/sway-1.8/README.nl.md
-rw-r--r-- root/root      2197 2022-12-25 10:59 usr/doc/sway-1.8/README.pl.md
-rw-r--r-- root/root      2408 2022-12-25 10:59 usr/doc/sway-1.8/README.pt.md
-rw-r--r-- root/root      2313 2022-12-25 10:59 usr/doc/sway-1.8/README.ro.md
-rw-r--r-- root/root      3151 2022-12-25 10:59 usr/doc/sway-1.8/README.ru.md
-rw-r--r-- root/root      2916 2022-12-25 10:59 usr/doc/sway-1.8/README.sv.md
-rw-r--r-- root/root      2397 2022-12-25 10:59 usr/doc/sway-1.8/README.tr.md
-rw-r--r-- root/root      3701 2022-12-25 10:59 usr/doc/sway-1.8/README.uk.md
-rw-r--r-- root/root      1751 2022-12-25 10:59 usr/doc/sway-1.8/README.zh-CN.md
-rw-r--r-- root/root      1950 2022-12-25 10:59 usr/doc/sway-1.8/README.zh-TW.md
-rw-r--r-- root/root      3975 2022-12-29 02:11 usr/doc/sway-1.8/sway.SlackBuild
drwxr-xr-x root/root         0 2022-12-29 02:11 usr/man/
drwxr-xr-x root/root         0 2022-12-29 02:11 usr/man/man1/
-rw-r--r-- root/root      1756 2022-12-29 02:10 usr/man/man1/sway.1.gz
-rw-r--r-- root/root      1900 2022-12-29 02:10 usr/man/man1/swaymsg.1.gz
-rw-r--r-- root/root      1524 2022-12-29 02:10 usr/man/man1/swaynag.1.gz
drwxr-xr-x root/root         0 2022-12-29 02:11 usr/man/man5/
-rw-r--r-- root/root      3208 2022-12-29 02:10 usr/man/man5/sway-bar.5.gz
-rw-r--r-- root/root      4975 2022-12-29 02:10 usr/man/man5/sway-input.5.gz
-rw-r--r-- root/root      3513 2022-12-29 02:10 usr/man/man5/sway-output.5.gz
-rw-r--r-- root/root     13881 2022-12-29 02:10 usr/man/man5/sway.5.gz
-rw-r--r-- root/root      1053 2022-12-29 02:10 usr/man/man5/swaynag.5.gz
drwxr-xr-x root/root         0 2022-12-29 02:11 usr/man/man7/
-rw-r--r-- root/root     10380 2022-12-29 02:10 usr/man/man7/sway-ipc.7.gz
-rw-r--r-- root/root      2520 2022-12-29 02:10 usr/man/man7/swaybar-protocol.7.gz
drwxr-xr-x root/root         0 2022-12-29 02:11 usr/share/
drwxr-xr-x root/root         0 2022-12-29 02:11 usr/share/backgrounds/
drwxr-xr-x root/root         0 2022-12-29 02:11 usr/share/backgrounds/sway/
-rw-r--r-- root/root    325238 2022-12-25 10:59 usr/share/backgrounds/sway/Sway_Wallpaper_Blue_1136x640.png
-rw-r--r-- root/root    351985 2022-12-25 10:59 usr/share/backgrounds/sway/Sway_Wallpaper_Blue_1136x640_Portrait.png
-rw-r--r-- root/root    532990 2022-12-25 10:59 usr/share/backgrounds/sway/Sway_Wallpaper_Blue_1366x768.png
-rw-r--r-- root/root    857863 2022-12-25 10:59 usr/share/backgrounds/sway/Sway_Wallpaper_Blue_1920x1080.png
-rw-r--r-- root/root   1132084 2022-12-25 10:59 usr/share/backgrounds/sway/Sway_Wallpaper_Blue_2048x1536.png
-rw-r--r-- root/root   1069724 2022-12-25 10:59 usr/share/backgrounds/sway/Sway_Wallpaper_Blue_2048x1536_Portrait.png
-rw-r--r-- root/root    413034 2022-12-25 10:59 usr/share/backgrounds/sway/Sway_Wallpaper_Blue_768x1024.png
-rw-r--r-- root/root    347190 2022-12-25 10:59 usr/share/backgrounds/sway/Sway_Wallpaper_Blue_768x1024_Portrait.png
drwxr-xr-x root/root         0 2022-12-29 02:11 usr/share/bash-completion/
drwxr-xr-x root/root         0 2022-12-29 02:11 usr/share/bash-completion/completions/
-rw-r--r-- root/root       754 2022-12-25 10:59 usr/share/bash-completion/completions/sway
-rw-r--r-- root/root       693 2022-12-25 10:59 usr/share/bash-completion/completions/swaybar
-rw-r--r-- root/root       952 2022-12-25 10:59 usr/share/bash-completion/completions/swaymsg
drwxr-xr-x root/root         0 2022-12-29 02:11 usr/share/fish/
drwxr-xr-x root/root         0 2022-12-29 02:11 usr/share/fish/vendor_completions.d/
-rw-r--r-- root/root       656 2022-12-25 10:59 usr/share/fish/vendor_completions.d/sway.fish
-rw-r--r-- root/root      2494 2022-12-25 10:59 usr/share/fish/vendor_completions.d/swaymsg.fish
-rw-r--r-- root/root      2955 2022-12-25 10:59 usr/share/fish/vendor_completions.d/swaynag.fish
drwxr-xr-x root/root         0 2022-12-29 02:11 usr/share/wayland-sessions/
-rw-r--r-- root/root        97 2022-12-25 10:59 usr/share/wayland-sessions/sway.desktop
drwxr-xr-x root/root         0 2022-12-29 02:11 usr/share/zsh/
drwxr-xr-x root/root         0 2022-12-29 02:11 usr/share/zsh/site-functions/
-rw-r--r-- root/root       816 2022-12-25 10:59 usr/share/zsh/site-functions/_sway
-rw-r--r-- root/root      1072 2022-12-25 10:59 usr/share/zsh/site-functions/_swaymsg


