++========================================
||
||   Package:  ./swaylock-1.7-x86_64-1_nwg.txz
||
++========================================
drwxr-xr-x root/root         0 2022-12-29 04:18 ./
drwxr-xr-x root/root         0 2022-12-29 04:18 etc/
drwxr-xr-x root/root         0 2022-12-29 04:18 etc/pam.d/
-rw-r--r-- root/root       161 2022-11-27 08:07 etc/pam.d/swaylock
drwxr-xr-x root/root         0 2022-12-29 04:18 install/
-rw-r--r-- root/root       790 2022-12-29 04:18 install/slack-desc
drwxr-xr-x root/root         0 2022-12-29 04:18 usr/
drwxr-xr-x root/root         0 2022-12-29 04:18 usr/bin/
-rwxr-xr-x root/root     71128 2022-12-29 04:18 usr/bin/swaylock
drwxr-xr-x root/root         0 2022-12-29 04:18 usr/doc/
drwxr-xr-x root/root         0 2022-12-29 04:18 usr/doc/swaylock-1.7/
-rw-r--r-- root/root      1061 2022-11-27 08:07 usr/doc/swaylock-1.7/LICENSE
-rw-r--r-- root/root      1293 2022-11-27 08:07 usr/doc/swaylock-1.7/README.md
-rw-r--r-- root/root      3417 2022-12-29 04:18 usr/doc/swaylock-1.7/swaylock.SlackBuild
drwxr-xr-x root/root         0 2022-12-29 04:18 usr/man/
drwxr-xr-x root/root         0 2022-12-29 04:18 usr/man/man1/
-rw-r--r-- root/root      1993 2022-12-29 04:18 usr/man/man1/swaylock.1.gz
drwxr-xr-x root/root         0 2022-12-29 04:18 usr/share/
drwxr-xr-x root/root         0 2022-12-29 04:18 usr/share/bash-completion/
drwxr-xr-x root/root         0 2022-12-29 04:18 usr/share/bash-completion/completions/
-rw-r--r-- root/root      2118 2022-11-27 08:07 usr/share/bash-completion/completions/swaylock
drwxr-xr-x root/root         0 2022-12-29 04:18 usr/share/fish/
drwxr-xr-x root/root         0 2022-12-29 04:18 usr/share/fish/vendor_completions.d/
-rw-r--r-- root/root      6325 2022-11-27 08:07 usr/share/fish/vendor_completions.d/swaylock.fish
drwxr-xr-x root/root         0 2022-12-29 04:18 usr/share/zsh/
drwxr-xr-x root/root         0 2022-12-29 04:18 usr/share/zsh/site-functions/
-rw-r--r-- root/root      5521 2022-11-27 08:07 usr/share/zsh/site-functions/_swaylock


