++========================================
||
||   Package:  ./wdisplays-1.1-x86_64-1_nwg.txz
||
++========================================
drwxr-xr-x root/root         0 2022-12-29 04:19 ./
drwxr-xr-x root/root         0 2022-12-29 04:19 install/
-rw-r--r-- root/root       319 2022-12-29 04:19 install/doinst.sh
-rw-r--r-- root/root       873 2022-12-29 04:19 install/slack-desc
drwxr-xr-x root/root         0 2022-12-29 04:19 usr/
drwxr-xr-x root/root         0 2022-12-29 04:19 usr/bin/
-rwxr-xr-x root/root     99288 2022-12-29 04:19 usr/bin/wdisplays
drwxr-xr-x root/root         0 2022-12-29 04:19 usr/doc/
drwxr-xr-x root/root         0 2022-12-29 04:19 usr/doc/wdisplays-1.1/
-rw-r--r-- root/root     18109 2021-03-29 04:33 usr/doc/wdisplays-1.1/CC-BY-SA-4.0.txt
-rw-r--r-- root/root      6916 2021-03-29 04:33 usr/doc/wdisplays-1.1/CC0-1.0.txt
-rw-r--r-- root/root     34470 2021-03-29 04:33 usr/doc/wdisplays-1.1/GPL-3.0-or-later.txt
-rw-r--r-- root/root      1108 2021-03-29 04:33 usr/doc/wdisplays-1.1/MIT.txt
-rw-r--r-- root/root      3560 2021-03-29 04:33 usr/doc/wdisplays-1.1/README.md
-rw-r--r-- root/root      3300 2022-12-29 04:19 usr/doc/wdisplays-1.1/wdisplays.SlackBuild
drwxr-xr-x root/root         0 2022-12-29 04:19 usr/share/
drwxr-xr-x root/root         0 2022-12-29 04:19 usr/share/applications/
-rw-r--r-- root/root       184 2022-12-29 04:19 usr/share/applications/network.cycles.wdisplays.desktop
drwxr-xr-x root/root         0 2022-12-29 04:19 usr/share/icons/
drwxr-xr-x root/root         0 2022-12-29 04:19 usr/share/icons/hicolor/
drwxr-xr-x root/root         0 2022-12-29 04:19 usr/share/icons/hicolor/scalable/
drwxr-xr-x root/root         0 2022-12-29 04:19 usr/share/icons/hicolor/scalable/apps/
-rw-r--r-- root/root     21410 2021-03-29 04:33 usr/share/icons/hicolor/scalable/apps/wdisplays.svg


