This file contains any messages produced by compilers while
running configure, to aid debugging if configure makes a mistake.

It was created by imlib2 configure 1.10.0, which was
generated by GNU Autoconf 2.71.  Invocation command line was

  $ ./configure

## --------- ##
## Platform. ##
## --------- ##

hostname = mbp.lngn.net
uname -m = x86_64
uname -r = 5.19.17
uname -s = Linux
uname -v = #1 SMP PREEMPT_DYNAMIC Mon Oct 24 13:00:29 CDT 2022

/usr/bin/uname -p = Intel(R) Core(TM) i5-3210M CPU @ 2.50GHz
/bin/uname -X     = unknown

/bin/arch              = x86_64
/usr/bin/arch -k       = unknown
/usr/convex/getsysinfo = unknown
/usr/bin/hostinfo      = unknown
/bin/machine           = unknown
/usr/bin/oslevel       = unknown
/bin/universe          = unknown

PATH: /usr/local/bin/
PATH: /usr/bin/
PATH: /bin/
PATH: /usr/games/
PATH: /usr/lib64/qt5/bin/
PATH: ./


## ----------- ##
## Core tests. ##
## ----------- ##

configure:3030: looking for aux files: ltmain.sh compile missing install-sh config.guess config.sub
configure:3043:  trying ./
configure:3072:   ./ltmain.sh found
configure:3072:   ./compile found
configure:3072:   ./missing found
configure:3054:   ./install-sh found
configure:3072:   ./config.guess found
configure:3072:   ./config.sub found
configure:3192: checking build system type
configure:3207: result: x86_64-pc-linux-gnu
configure:3227: checking host system type
configure:3241: result: x86_64-pc-linux-gnu
configure:3279: checking for a BSD-compatible install
configure:3352: result: /usr/bin/ginstall -c
configure:3363: checking whether build environment is sane
configure:3418: result: yes
configure:3577: checking for a race-free mkdir -p
configure:3621: result: /usr/bin/mkdir -p
configure:3628: checking for gawk
configure:3649: found /usr/bin/gawk
configure:3660: result: gawk
configure:3671: checking whether make sets $(MAKE)
configure:3694: result: yes
configure:3724: checking whether make supports nested variables
configure:3742: result: yes
configure:3890: checking whether make supports nested variables
configure:3908: result: yes
configure:3933: checking whether make supports the include directive
configure:3948: make -f confmf.GNU && cat confinc.out
this is the am__doit target
configure:3951: $? = 0
configure:3970: result: yes (GNU style)
configure:4046: checking for gcc
configure:4067: found /usr/bin/gcc
configure:4078: result: gcc
configure:4431: checking for C compiler version
configure:4440: gcc --version >&5
gcc (GCC) 12.2.0
Copyright (C) 2022 Free Software Foundation, Inc.
This is free software; see the source for copying conditions.  There is NO
warranty; not even for MERCHANTABILITY or FITNESS FOR A PARTICULAR PURPOSE.

configure:4451: $? = 0
configure:4440: gcc -v >&5
Reading specs from /usr/lib64/gcc/x86_64-slackware-linux/12.2.0/specs
COLLECT_GCC=gcc
COLLECT_LTO_WRAPPER=/usr/libexec/gcc/x86_64-slackware-linux/12.2.0/lto-wrapper
Target: x86_64-slackware-linux
Configured with: ../configure --prefix=/usr --libdir=/usr/lib64 --mandir=/usr/man --infodir=/usr/info --enable-shared --enable-bootstrap --enable-languages=ada,c,c++,d,fortran,go,lto,objc,obj-c++ --enable-threads=posix --enable-checking=release --enable-objc-gc --with-system-zlib --enable-libstdcxx-dual-abi --with-default-libstdcxx-abi=new --disable-libstdcxx-pch --disable-libunwind-exceptions --enable-__cxa_atexit --disable-libssp --enable-gnu-unique-object --enable-plugin --enable-lto --disable-install-libiberty --disable-werror --with-gnu-ld --with-isl --verbose --with-arch-directory=amd64 --disable-gtktest --enable-clocale=gnu --disable-multilib --target=x86_64-slackware-linux --build=x86_64-slackware-linux --host=x86_64-slackware-linux
Thread model: posix
Supported LTO compression algorithms: zlib zstd
gcc version 12.2.0 (GCC) 
configure:4451: $? = 0
configure:4440: gcc -V >&5
gcc: error: unrecognized command-line option '-V'
gcc: fatal error: no input files
compilation terminated.
configure:4451: $? = 1
configure:4440: gcc -qversion >&5
gcc: error: unrecognized command-line option '-qversion'; did you mean '--version'?
gcc: fatal error: no input files
compilation terminated.
configure:4451: $? = 1
configure:4440: gcc -version >&5
gcc: error: unrecognized command-line option '-version'
gcc: fatal error: no input files
compilation terminated.
configure:4451: $? = 1
configure:4471: checking whether the C compiler works
configure:4493: gcc    conftest.c  >&5
configure:4497: $? = 0
configure:4547: result: yes
configure:4550: checking for C compiler default output file name
configure:4552: result: a.out
configure:4558: checking for suffix of executables
configure:4565: gcc -o conftest    conftest.c  >&5
configure:4569: $? = 0
configure:4592: result: 
configure:4614: checking whether we are cross compiling
configure:4622: gcc -o conftest    conftest.c  >&5
configure:4626: $? = 0
configure:4633: ./conftest
configure:4637: $? = 0
configure:4652: result: no
configure:4657: checking for suffix of object files
configure:4680: gcc -c   conftest.c >&5
configure:4684: $? = 0
configure:4706: result: o
configure:4710: checking whether the compiler supports GNU C
configure:4730: gcc -c   conftest.c >&5
configure:4730: $? = 0
configure:4740: result: yes
configure:4751: checking whether gcc accepts -g
configure:4772: gcc -c -g  conftest.c >&5
configure:4772: $? = 0
configure:4816: result: yes
configure:4836: checking for gcc option to enable C11 features
configure:4851: gcc  -c -g -O2  conftest.c >&5
configure:4851: $? = 0
configure:4869: result: none needed
configure:4985: checking whether gcc understands -c and -o together
configure:5008: gcc -c conftest.c -o conftest2.o
configure:5011: $? = 0
configure:5008: gcc -c conftest.c -o conftest2.o
configure:5011: $? = 0
configure:5023: result: yes
configure:5042: checking dependency style of gcc
configure:5154: result: gcc3
configure:5174: checking for stdio.h
configure:5174: gcc -c -g -O2  conftest.c >&5
configure:5174: $? = 0
configure:5174: result: yes
configure:5174: checking for stdlib.h
configure:5174: gcc -c -g -O2  conftest.c >&5
configure:5174: $? = 0
configure:5174: result: yes
configure:5174: checking for string.h
configure:5174: gcc -c -g -O2  conftest.c >&5
configure:5174: $? = 0
configure:5174: result: yes
configure:5174: checking for inttypes.h
configure:5174: gcc -c -g -O2  conftest.c >&5
configure:5174: $? = 0
configure:5174: result: yes
configure:5174: checking for stdint.h
configure:5174: gcc -c -g -O2  conftest.c >&5
configure:5174: $? = 0
configure:5174: result: yes
configure:5174: checking for strings.h
configure:5174: gcc -c -g -O2  conftest.c >&5
configure:5174: $? = 0
configure:5174: result: yes
configure:5174: checking for sys/stat.h
configure:5174: gcc -c -g -O2  conftest.c >&5
configure:5174: $? = 0
configure:5174: result: yes
configure:5174: checking for sys/types.h
configure:5174: gcc -c -g -O2  conftest.c >&5
configure:5174: $? = 0
configure:5174: result: yes
configure:5174: checking for unistd.h
configure:5174: gcc -c -g -O2  conftest.c >&5
configure:5174: $? = 0
configure:5174: result: yes
configure:5174: checking for wchar.h
configure:5174: gcc -c -g -O2  conftest.c >&5
configure:5174: $? = 0
configure:5174: result: yes
configure:5174: checking for minix/config.h
configure:5174: gcc -c -g -O2  conftest.c >&5
conftest.c:49:10: fatal error: minix/config.h: No such file or directory
   49 | #include <minix/config.h>
      |          ^~~~~~~~~~~~~~~~
compilation terminated.
configure:5174: $? = 1
configure: failed program was:
| /* confdefs.h */
| #define PACKAGE_NAME "imlib2"
| #define PACKAGE_TARNAME "imlib2"
| #define PACKAGE_VERSION "1.10.0"
| #define PACKAGE_STRING "imlib2 1.10.0"
| #define PACKAGE_BUGREPORT "enlightenment-devel@lists.sourceforge.net"
| #define PACKAGE_URL ""
| #define PACKAGE "imlib2"
| #define VERSION "1.10.0"
| #define HAVE_STDIO_H 1
| #define HAVE_STDLIB_H 1
| #define HAVE_STRING_H 1
| #define HAVE_INTTYPES_H 1
| #define HAVE_STDINT_H 1
| #define HAVE_STRINGS_H 1
| #define HAVE_SYS_STAT_H 1
| #define HAVE_SYS_TYPES_H 1
| #define HAVE_UNISTD_H 1
| #define HAVE_WCHAR_H 1
| /* end confdefs.h.  */
| #include <stddef.h>
| #ifdef HAVE_STDIO_H
| # include <stdio.h>
| #endif
| #ifdef HAVE_STDLIB_H
| # include <stdlib.h>
| #endif
| #ifdef HAVE_STRING_H
| # include <string.h>
| #endif
| #ifdef HAVE_INTTYPES_H
| # include <inttypes.h>
| #endif
| #ifdef HAVE_STDINT_H
| # include <stdint.h>
| #endif
| #ifdef HAVE_STRINGS_H
| # include <strings.h>
| #endif
| #ifdef HAVE_SYS_TYPES_H
| # include <sys/types.h>
| #endif
| #ifdef HAVE_SYS_STAT_H
| # include <sys/stat.h>
| #endif
| #ifdef HAVE_UNISTD_H
| # include <unistd.h>
| #endif
| #include <minix/config.h>
configure:5174: result: no
configure:5205: checking whether it is safe to define __EXTENSIONS__
configure:5224: gcc -c -g -O2  conftest.c >&5
configure:5224: $? = 0
configure:5232: result: yes
configure:5235: checking whether _XOPEN_SOURCE should be defined
configure:5257: gcc -c -g -O2  conftest.c >&5
configure:5257: $? = 0
configure:5284: result: no
configure:5340: checking whether byte ordering is bigendian
configure:5356: gcc -c -g -O2  conftest.c >&5
conftest.c:39:16: error: unknown type name 'not'
   39 |                not a universal capable compiler
      |                ^~~
conftest.c:39:22: error: expected '=', ',', ';', 'asm' or '__attribute__' before 'universal'
   39 |                not a universal capable compiler
      |                      ^~~~~~~~~
conftest.c:39:22: error: unknown type name 'universal'
configure:5356: $? = 1
configure: failed program was:
| /* confdefs.h */
| #define PACKAGE_NAME "imlib2"
| #define PACKAGE_TARNAME "imlib2"
| #define PACKAGE_VERSION "1.10.0"
| #define PACKAGE_STRING "imlib2 1.10.0"
| #define PACKAGE_BUGREPORT "enlightenment-devel@lists.sourceforge.net"
| #define PACKAGE_URL ""
| #define PACKAGE "imlib2"
| #define VERSION "1.10.0"
| #define HAVE_STDIO_H 1
| #define HAVE_STDLIB_H 1
| #define HAVE_STRING_H 1
| #define HAVE_INTTYPES_H 1
| #define HAVE_STDINT_H 1
| #define HAVE_STRINGS_H 1
| #define HAVE_SYS_STAT_H 1
| #define HAVE_SYS_TYPES_H 1
| #define HAVE_UNISTD_H 1
| #define HAVE_WCHAR_H 1
| #define STDC_HEADERS 1
| #define _ALL_SOURCE 1
| #define _DARWIN_C_SOURCE 1
| #define _GNU_SOURCE 1
| #define _HPUX_ALT_XOPEN_SOCKET_API 1
| #define _NETBSD_SOURCE 1
| #define _OPENBSD_SOURCE 1
| #define _POSIX_PTHREAD_SEMANTICS 1
| #define __STDC_WANT_IEC_60559_ATTRIBS_EXT__ 1
| #define __STDC_WANT_IEC_60559_BFP_EXT__ 1
| #define __STDC_WANT_IEC_60559_DFP_EXT__ 1
| #define __STDC_WANT_IEC_60559_FUNCS_EXT__ 1
| #define __STDC_WANT_IEC_60559_TYPES_EXT__ 1
| #define __STDC_WANT_LIB_EXT2__ 1
| #define __STDC_WANT_MATH_SPEC_FUNCS__ 1
| #define _TANDEM_SOURCE 1
| #define __EXTENSIONS__ 1
| /* end confdefs.h.  */
| #ifndef __APPLE_CC__
| 	       not a universal capable compiler
| 	     #endif
| 	     typedef int dummy;
| 
configure:5402: gcc -c -g -O2  conftest.c >&5
configure:5402: $? = 0
configure:5421: gcc -c -g -O2  conftest.c >&5
conftest.c: In function 'main':
conftest.c:45:18: error: unknown type name 'not'; did you mean 'ino_t'?
   45 |                  not big endian
      |                  ^~~
      |                  ino_t
conftest.c:45:26: error: expected '=', ',', ';', 'asm' or '__attribute__' before 'endian'
   45 |                  not big endian
      |                          ^~~~~~
configure:5421: $? = 1
configure: failed program was:
| /* confdefs.h */
| #define PACKAGE_NAME "imlib2"
| #define PACKAGE_TARNAME "imlib2"
| #define PACKAGE_VERSION "1.10.0"
| #define PACKAGE_STRING "imlib2 1.10.0"
| #define PACKAGE_BUGREPORT "enlightenment-devel@lists.sourceforge.net"
| #define PACKAGE_URL ""
| #define PACKAGE "imlib2"
| #define VERSION "1.10.0"
| #define HAVE_STDIO_H 1
| #define HAVE_STDLIB_H 1
| #define HAVE_STRING_H 1
| #define HAVE_INTTYPES_H 1
| #define HAVE_STDINT_H 1
| #define HAVE_STRINGS_H 1
| #define HAVE_SYS_STAT_H 1
| #define HAVE_SYS_TYPES_H 1
| #define HAVE_UNISTD_H 1
| #define HAVE_WCHAR_H 1
| #define STDC_HEADERS 1
| #define _ALL_SOURCE 1
| #define _DARWIN_C_SOURCE 1
| #define _GNU_SOURCE 1
| #define _HPUX_ALT_XOPEN_SOCKET_API 1
| #define _NETBSD_SOURCE 1
| #define _OPENBSD_SOURCE 1
| #define _POSIX_PTHREAD_SEMANTICS 1
| #define __STDC_WANT_IEC_60559_ATTRIBS_EXT__ 1
| #define __STDC_WANT_IEC_60559_BFP_EXT__ 1
| #define __STDC_WANT_IEC_60559_DFP_EXT__ 1
| #define __STDC_WANT_IEC_60559_FUNCS_EXT__ 1
| #define __STDC_WANT_IEC_60559_TYPES_EXT__ 1
| #define __STDC_WANT_LIB_EXT2__ 1
| #define __STDC_WANT_MATH_SPEC_FUNCS__ 1
| #define _TANDEM_SOURCE 1
| #define __EXTENSIONS__ 1
| /* end confdefs.h.  */
| #include <sys/types.h>
| 		#include <sys/param.h>
| 
| int
| main (void)
| {
| #if BYTE_ORDER != BIG_ENDIAN
| 		 not big endian
| 		#endif
| 
|   ;
|   return 0;
| }
configure:5555: result: no
configure:5626: checking for gcc
configure:5658: result: gcc
configure:6011: checking for C compiler version
configure:6020: gcc --version >&5
gcc (GCC) 12.2.0
Copyright (C) 2022 Free Software Foundation, Inc.
This is free software; see the source for copying conditions.  There is NO
warranty; not even for MERCHANTABILITY or FITNESS FOR A PARTICULAR PURPOSE.

configure:6031: $? = 0
configure:6020: gcc -v >&5
Reading specs from /usr/lib64/gcc/x86_64-slackware-linux/12.2.0/specs
COLLECT_GCC=gcc
COLLECT_LTO_WRAPPER=/usr/libexec/gcc/x86_64-slackware-linux/12.2.0/lto-wrapper
Target: x86_64-slackware-linux
Configured with: ../configure --prefix=/usr --libdir=/usr/lib64 --mandir=/usr/man --infodir=/usr/info --enable-shared --enable-bootstrap --enable-languages=ada,c,c++,d,fortran,go,lto,objc,obj-c++ --enable-threads=posix --enable-checking=release --enable-objc-gc --with-system-zlib --enable-libstdcxx-dual-abi --with-default-libstdcxx-abi=new --disable-libstdcxx-pch --disable-libunwind-exceptions --enable-__cxa_atexit --disable-libssp --enable-gnu-unique-object --enable-plugin --enable-lto --disable-install-libiberty --disable-werror --with-gnu-ld --with-isl --verbose --with-arch-directory=amd64 --disable-gtktest --enable-clocale=gnu --disable-multilib --target=x86_64-slackware-linux --build=x86_64-slackware-linux --host=x86_64-slackware-linux
Thread model: posix
Supported LTO compression algorithms: zlib zstd
gcc version 12.2.0 (GCC) 
configure:6031: $? = 0
configure:6020: gcc -V >&5
gcc: error: unrecognized command-line option '-V'
gcc: fatal error: no input files
compilation terminated.
configure:6031: $? = 1
configure:6020: gcc -qversion >&5
gcc: error: unrecognized command-line option '-qversion'; did you mean '--version'?
gcc: fatal error: no input files
compilation terminated.
configure:6031: $? = 1
configure:6020: gcc -version >&5
gcc: error: unrecognized command-line option '-version'
gcc: fatal error: no input files
compilation terminated.
configure:6031: $? = 1
configure:6035: checking whether the compiler supports GNU C
configure:6065: result: yes
configure:6076: checking whether gcc accepts -g
configure:6141: result: yes
configure:6161: checking for gcc option to enable C11 features
configure:6194: result: none needed
configure:6310: checking whether gcc understands -c and -o together
configure:6348: result: yes
configure:6367: checking dependency style of gcc
configure:6479: result: gcc3
configure:6503: checking dependency style of gcc
configure:6613: result: gcc3
configure:6697: checking for g++
configure:6718: found /usr/bin/g++
configure:6729: result: g++
configure:6756: checking for C++ compiler version
configure:6765: g++ --version >&5
g++ (GCC) 12.2.0
Copyright (C) 2022 Free Software Foundation, Inc.
This is free software; see the source for copying conditions.  There is NO
warranty; not even for MERCHANTABILITY or FITNESS FOR A PARTICULAR PURPOSE.

configure:6776: $? = 0
configure:6765: g++ -v >&5
Reading specs from /usr/lib64/gcc/x86_64-slackware-linux/12.2.0/specs
COLLECT_GCC=g++
COLLECT_LTO_WRAPPER=/usr/libexec/gcc/x86_64-slackware-linux/12.2.0/lto-wrapper
Target: x86_64-slackware-linux
Configured with: ../configure --prefix=/usr --libdir=/usr/lib64 --mandir=/usr/man --infodir=/usr/info --enable-shared --enable-bootstrap --enable-languages=ada,c,c++,d,fortran,go,lto,objc,obj-c++ --enable-threads=posix --enable-checking=release --enable-objc-gc --with-system-zlib --enable-libstdcxx-dual-abi --with-default-libstdcxx-abi=new --disable-libstdcxx-pch --disable-libunwind-exceptions --enable-__cxa_atexit --disable-libssp --enable-gnu-unique-object --enable-plugin --enable-lto --disable-install-libiberty --disable-werror --with-gnu-ld --with-isl --verbose --with-arch-directory=amd64 --disable-gtktest --enable-clocale=gnu --disable-multilib --target=x86_64-slackware-linux --build=x86_64-slackware-linux --host=x86_64-slackware-linux
Thread model: posix
Supported LTO compression algorithms: zlib zstd
gcc version 12.2.0 (GCC) 
configure:6776: $? = 0
configure:6765: g++ -V >&5
g++: error: unrecognized command-line option '-V'
g++: fatal error: no input files
compilation terminated.
configure:6776: $? = 1
configure:6765: g++ -qversion >&5
g++: error: unrecognized command-line option '-qversion'; did you mean '--version'?
g++: fatal error: no input files
compilation terminated.
configure:6776: $? = 1
configure:6780: checking whether the compiler supports GNU C++
configure:6800: g++ -c   conftest.cpp >&5
configure:6800: $? = 0
configure:6810: result: yes
configure:6821: checking whether g++ accepts -g
configure:6842: g++ -c -g  conftest.cpp >&5
configure:6842: $? = 0
configure:6886: result: yes
configure:6906: checking for g++ option to enable C++11 features
configure:6921: g++  -c -g -O2  conftest.cpp >&5
conftest.cpp: In function 'int main(int, char**)':
conftest.cpp:204:25: warning: empty parentheses were disambiguated as a function declaration [-Wvexing-parse]
  204 |   cxx11test::delegate d2();
      |                         ^~
conftest.cpp:204:25: note: remove parentheses to default-initialize a variable
  204 |   cxx11test::delegate d2();
      |                         ^~
      |                         --
conftest.cpp:204:25: note: or replace parentheses with braces to value-initialize a variable
configure:6921: $? = 0
configure:6939: result: none needed
configure:7005: checking dependency style of g++
configure:7117: result: gcc3
configure:7133: checking for an ANSI C-conforming const
configure:7200: gcc -c -g -O2  conftest.c >&5
configure:7200: $? = 0
configure:7208: result: yes
configure:7264: checking how to print strings
configure:7291: result: printf
configure:7312: checking for a sed that does not truncate output
configure:7382: result: /usr/bin/sed
configure:7400: checking for grep that handles long lines and -e
configure:7464: result: /usr/bin/grep
configure:7469: checking for egrep
configure:7537: result: /usr/bin/grep -E
configure:7542: checking for fgrep
configure:7610: result: /usr/bin/grep -F
configure:7646: checking for ld used by gcc
configure:7714: result: /usr/bin/ld
configure:7721: checking if the linker (/usr/bin/ld) is GNU ld
configure:7737: result: yes
configure:7749: checking for BSD- or MS-compatible name lister (nm)
configure:7804: result: /usr/bin/nm -B
configure:7944: checking the name lister (/usr/bin/nm -B) interface
configure:7952: gcc -c -g -O2  conftest.c >&5
configure:7955: /usr/bin/nm -B "conftest.o"
configure:7958: output
0000000000000000 B some_variable
configure:7965: result: BSD nm
configure:7968: checking whether ln -s works
configure:7972: result: yes
configure:7980: checking the maximum length of command line arguments
configure:8112: result: 1572864
configure:8160: checking how to convert x86_64-pc-linux-gnu file names to x86_64-pc-linux-gnu format
configure:8201: result: func_convert_file_noop
configure:8208: checking how to convert x86_64-pc-linux-gnu file names to toolchain format
configure:8229: result: func_convert_file_noop
configure:8236: checking for /usr/bin/ld option to reload object files
configure:8244: result: -r
configure:8323: checking for file
configure:8344: found /usr/bin/file
configure:8355: result: file
configure:8431: checking for objdump
configure:8452: found /usr/bin/objdump
configure:8463: result: objdump
configure:8495: checking how to recognize dependent libraries
configure:8696: result: pass_all
configure:8786: checking for dlltool
configure:8807: found /usr/bin/dlltool
configure:8818: result: dlltool
configure:8851: checking how to associate runtime and link libraries
configure:8879: result: printf %s\n
configure:8944: checking for ar
configure:8965: found /usr/bin/ar
configure:8976: result: ar
configure:9029: checking for archiver @FILE support
configure:9047: gcc -c -g -O2  conftest.c >&5
configure:9047: $? = 0
configure:9051: ar cr libconftest.a @conftest.lst >&5
configure:9054: $? = 0
configure:9059: ar cr libconftest.a @conftest.lst >&5
ar: conftest.o: No such file or directory
configure:9062: $? = 1
configure:9074: result: @
configure:9137: checking for strip
configure:9158: found /usr/bin/strip
configure:9169: result: strip
configure:9246: checking for ranlib
configure:9267: found /usr/bin/ranlib
configure:9278: result: ranlib
configure:9380: checking command to parse /usr/bin/nm -B output from gcc object
configure:9534: gcc -c -g -O2  conftest.c >&5
configure:9537: $? = 0
configure:9541: /usr/bin/nm -B conftest.o \| /usr/bin/sed -n -e 's/^.*[ ]\([ABCDGIRSTW][ABCDGIRSTW]*\)[ ][ ]*\([_A-Za-z][_A-Za-z0-9]*\)$/\1 \2 \2/p' | /usr/bin/sed '/ __gnu_lto/d' \> conftest.nm
configure:9544: $? = 0
configure:9610: gcc -o conftest -g -O2   conftest.c conftstm.o >&5
configure:9613: $? = 0
configure:9651: result: ok
configure:9698: checking for sysroot
configure:9729: result: no
configure:9736: checking for a working dd
configure:9780: result: /usr/bin/dd
configure:9784: checking how to truncate binary pipes
configure:9800: result: /usr/bin/dd bs=4096 count=1
configure:9937: gcc -c -g -O2  conftest.c >&5
configure:9940: $? = 0
configure:10137: checking for mt
configure:10158: found /bin/mt
configure:10169: result: mt
configure:10192: checking if mt is a manifest tool
configure:10199: mt '-?'
usage: mt [-v] [--version] [-h] [ -f device ] command [ count ]
default tape device: /dev/tape
configure:10207: result: no
configure:10928: checking for dlfcn.h
configure:10928: gcc -c -g -O2  conftest.c >&5
configure:10928: $? = 0
configure:10928: result: yes
configure:11198: checking for objdir
configure:11214: result: .libs
configure:11478: checking if gcc supports -fno-rtti -fno-exceptions
configure:11497: gcc -c -g -O2  -fno-rtti -fno-exceptions conftest.c >&5
cc1: warning: command-line option '-fno-rtti' is valid for C++/D/ObjC++ but not for C
configure:11501: $? = 0
configure:11514: result: no
configure:11872: checking for gcc option to produce PIC
configure:11880: result: -fPIC -DPIC
configure:11888: checking if gcc PIC flag -fPIC -DPIC works
configure:11907: gcc -c -g -O2  -fPIC -DPIC -DPIC conftest.c >&5
configure:11911: $? = 0
configure:11924: result: yes
configure:11953: checking if gcc static flag -static works
configure:11982: result: yes
configure:11997: checking if gcc supports -c -o file.o
configure:12019: gcc -c -g -O2  -o out/conftest2.o conftest.c >&5
configure:12023: $? = 0
configure:12045: result: yes
configure:12053: checking if gcc supports -c -o file.o
configure:12101: result: yes
configure:12134: checking whether the gcc linker (/usr/bin/ld -m elf_x86_64) supports shared libraries
configure:13402: result: yes
configure:13439: checking whether -lc should be explicitly linked in
configure:13448: gcc -c -g -O2  conftest.c >&5
configure:13451: $? = 0
configure:13466: gcc -shared  -fPIC -DPIC conftest.o  -v -Wl,-soname -Wl,conftest -o conftest 2\>\&1 \| /usr/bin/grep  -lc  \>/dev/null 2\>\&1
configure:13469: $? = 0
configure:13483: result: no
configure:13643: checking dynamic linker characteristics
configure:14225: gcc -o conftest -g -O2   -Wl,-rpath -Wl,/foo conftest.c  >&5
configure:14225: $? = 0
configure:14467: result: GNU/Linux ld.so
configure:14589: checking how to hardcode library paths into programs
configure:14614: result: immediate
configure:15166: checking whether stripping libraries is possible
configure:15175: result: yes
configure:15217: checking if libtool supports shared libraries
configure:15219: result: yes
configure:15222: checking whether to build shared libraries
configure:15247: result: yes
configure:15250: checking whether to build static libraries
configure:15254: result: yes
configure:15277: checking how to run the C++ preprocessor
configure:15299: g++ -E  conftest.cpp
configure:15299: $? = 0
configure:15314: g++ -E  conftest.cpp
conftest.cpp:40:10: fatal error: ac_nonexistent.h: No such file or directory
   40 | #include <ac_nonexistent.h>
      |          ^~~~~~~~~~~~~~~~~~
compilation terminated.
configure:15314: $? = 1
configure: failed program was:
| /* confdefs.h */
| #define PACKAGE_NAME "imlib2"
| #define PACKAGE_TARNAME "imlib2"
| #define PACKAGE_VERSION "1.10.0"
| #define PACKAGE_STRING "imlib2 1.10.0"
| #define PACKAGE_BUGREPORT "enlightenment-devel@lists.sourceforge.net"
| #define PACKAGE_URL ""
| #define PACKAGE "imlib2"
| #define VERSION "1.10.0"
| #define HAVE_STDIO_H 1
| #define HAVE_STDLIB_H 1
| #define HAVE_STRING_H 1
| #define HAVE_INTTYPES_H 1
| #define HAVE_STDINT_H 1
| #define HAVE_STRINGS_H 1
| #define HAVE_SYS_STAT_H 1
| #define HAVE_SYS_TYPES_H 1
| #define HAVE_UNISTD_H 1
| #define HAVE_WCHAR_H 1
| #define STDC_HEADERS 1
| #define _ALL_SOURCE 1
| #define _DARWIN_C_SOURCE 1
| #define _GNU_SOURCE 1
| #define _HPUX_ALT_XOPEN_SOCKET_API 1
| #define _NETBSD_SOURCE 1
| #define _OPENBSD_SOURCE 1
| #define _POSIX_PTHREAD_SEMANTICS 1
| #define __STDC_WANT_IEC_60559_ATTRIBS_EXT__ 1
| #define __STDC_WANT_IEC_60559_BFP_EXT__ 1
| #define __STDC_WANT_IEC_60559_DFP_EXT__ 1
| #define __STDC_WANT_IEC_60559_FUNCS_EXT__ 1
| #define __STDC_WANT_IEC_60559_TYPES_EXT__ 1
| #define __STDC_WANT_LIB_EXT2__ 1
| #define __STDC_WANT_MATH_SPEC_FUNCS__ 1
| #define _TANDEM_SOURCE 1
| #define __EXTENSIONS__ 1
| #define HAVE_DLFCN_H 1
| #define LT_OBJDIR ".libs/"
| /* end confdefs.h.  */
| #include <ac_nonexistent.h>
configure:15341: result: g++ -E
configure:15355: g++ -E  conftest.cpp
configure:15355: $? = 0
configure:15370: g++ -E  conftest.cpp
conftest.cpp:40:10: fatal error: ac_nonexistent.h: No such file or directory
   40 | #include <ac_nonexistent.h>
      |          ^~~~~~~~~~~~~~~~~~
compilation terminated.
configure:15370: $? = 1
configure: failed program was:
| /* confdefs.h */
| #define PACKAGE_NAME "imlib2"
| #define PACKAGE_TARNAME "imlib2"
| #define PACKAGE_VERSION "1.10.0"
| #define PACKAGE_STRING "imlib2 1.10.0"
| #define PACKAGE_BUGREPORT "enlightenment-devel@lists.sourceforge.net"
| #define PACKAGE_URL ""
| #define PACKAGE "imlib2"
| #define VERSION "1.10.0"
| #define HAVE_STDIO_H 1
| #define HAVE_STDLIB_H 1
| #define HAVE_STRING_H 1
| #define HAVE_INTTYPES_H 1
| #define HAVE_STDINT_H 1
| #define HAVE_STRINGS_H 1
| #define HAVE_SYS_STAT_H 1
| #define HAVE_SYS_TYPES_H 1
| #define HAVE_UNISTD_H 1
| #define HAVE_WCHAR_H 1
| #define STDC_HEADERS 1
| #define _ALL_SOURCE 1
| #define _DARWIN_C_SOURCE 1
| #define _GNU_SOURCE 1
| #define _HPUX_ALT_XOPEN_SOCKET_API 1
| #define _NETBSD_SOURCE 1
| #define _OPENBSD_SOURCE 1
| #define _POSIX_PTHREAD_SEMANTICS 1
| #define __STDC_WANT_IEC_60559_ATTRIBS_EXT__ 1
| #define __STDC_WANT_IEC_60559_BFP_EXT__ 1
| #define __STDC_WANT_IEC_60559_DFP_EXT__ 1
| #define __STDC_WANT_IEC_60559_FUNCS_EXT__ 1
| #define __STDC_WANT_IEC_60559_TYPES_EXT__ 1
| #define __STDC_WANT_LIB_EXT2__ 1
| #define __STDC_WANT_MATH_SPEC_FUNCS__ 1
| #define _TANDEM_SOURCE 1
| #define __EXTENSIONS__ 1
| #define HAVE_DLFCN_H 1
| #define LT_OBJDIR ".libs/"
| /* end confdefs.h.  */
| #include <ac_nonexistent.h>
configure:15535: checking for ld used by g++
configure:15603: result: /usr/bin/ld -m elf_x86_64
configure:15610: checking if the linker (/usr/bin/ld -m elf_x86_64) is GNU ld
configure:15626: result: yes
configure:15681: checking whether the g++ linker (/usr/bin/ld -m elf_x86_64) supports shared libraries
configure:16759: result: yes
configure:16795: g++ -c -g -O2  conftest.cpp >&5
configure:16798: $? = 0
configure:17279: checking for g++ option to produce PIC
configure:17287: result: -fPIC -DPIC
configure:17295: checking if g++ PIC flag -fPIC -DPIC works
configure:17314: g++ -c -g -O2  -fPIC -DPIC -DPIC conftest.cpp >&5
configure:17318: $? = 0
configure:17331: result: yes
configure:17354: checking if g++ static flag -static works
configure:17383: result: yes
configure:17395: checking if g++ supports -c -o file.o
configure:17417: g++ -c -g -O2  -o out/conftest2.o conftest.cpp >&5
configure:17421: $? = 0
configure:17443: result: yes
configure:17448: checking if g++ supports -c -o file.o
configure:17496: result: yes
configure:17526: checking whether the g++ linker (/usr/bin/ld -m elf_x86_64) supports shared libraries
configure:17566: result: yes
configure:17708: checking dynamic linker characteristics
configure:18459: result: GNU/Linux ld.so
configure:18524: checking how to hardcode library paths into programs
configure:18549: result: immediate
configure:18676: checking for pkg-config
configure:18699: found /usr/bin/pkg-config
configure:18711: result: /usr/bin/pkg-config
configure:18736: checking pkg-config is at least version 0.9.0
configure:18739: result: yes
configure:18795: checking whether to enable x86 mmx support
configure:18802: result: no
configure:18813: checking whether to enable amd64 asm support
configure:18820: result: yes
configure:18834: checking for FREETYPE
configure:18841: $PKG_CONFIG --exists --print-errors "freetype2"
configure:18844: $? = 0
configure:18858: $PKG_CONFIG --exists --print-errors "freetype2"
configure:18861: $? = 0
configure:18919: result: yes
configure:18929: checking how to run the C preprocessor
configure:18955: gcc -E  conftest.c
configure:18955: $? = 0
configure:18970: gcc -E  conftest.c
conftest.c:41:10: fatal error: ac_nonexistent.h: No such file or directory
   41 | #include <ac_nonexistent.h>
      |          ^~~~~~~~~~~~~~~~~~
compilation terminated.
configure:18970: $? = 1
configure: failed program was:
| /* confdefs.h */
| #define PACKAGE_NAME "imlib2"
| #define PACKAGE_TARNAME "imlib2"
| #define PACKAGE_VERSION "1.10.0"
| #define PACKAGE_STRING "imlib2 1.10.0"
| #define PACKAGE_BUGREPORT "enlightenment-devel@lists.sourceforge.net"
| #define PACKAGE_URL ""
| #define PACKAGE "imlib2"
| #define VERSION "1.10.0"
| #define HAVE_STDIO_H 1
| #define HAVE_STDLIB_H 1
| #define HAVE_STRING_H 1
| #define HAVE_INTTYPES_H 1
| #define HAVE_STDINT_H 1
| #define HAVE_STRINGS_H 1
| #define HAVE_SYS_STAT_H 1
| #define HAVE_SYS_TYPES_H 1
| #define HAVE_UNISTD_H 1
| #define HAVE_WCHAR_H 1
| #define STDC_HEADERS 1
| #define _ALL_SOURCE 1
| #define _DARWIN_C_SOURCE 1
| #define _GNU_SOURCE 1
| #define _HPUX_ALT_XOPEN_SOCKET_API 1
| #define _NETBSD_SOURCE 1
| #define _OPENBSD_SOURCE 1
| #define _POSIX_PTHREAD_SEMANTICS 1
| #define __STDC_WANT_IEC_60559_ATTRIBS_EXT__ 1
| #define __STDC_WANT_IEC_60559_BFP_EXT__ 1
| #define __STDC_WANT_IEC_60559_DFP_EXT__ 1
| #define __STDC_WANT_IEC_60559_FUNCS_EXT__ 1
| #define __STDC_WANT_IEC_60559_TYPES_EXT__ 1
| #define __STDC_WANT_LIB_EXT2__ 1
| #define __STDC_WANT_MATH_SPEC_FUNCS__ 1
| #define _TANDEM_SOURCE 1
| #define __EXTENSIONS__ 1
| #define HAVE_DLFCN_H 1
| #define LT_OBJDIR ".libs/"
| #define DO_AMD64_ASM 1
| /* end confdefs.h.  */
| #include <ac_nonexistent.h>
configure:18997: result: gcc -E
configure:19011: gcc -E  conftest.c
configure:19011: $? = 0
configure:19026: gcc -E  conftest.c
conftest.c:41:10: fatal error: ac_nonexistent.h: No such file or directory
   41 | #include <ac_nonexistent.h>
      |          ^~~~~~~~~~~~~~~~~~
compilation terminated.
configure:19026: $? = 1
configure: failed program was:
| /* confdefs.h */
| #define PACKAGE_NAME "imlib2"
| #define PACKAGE_TARNAME "imlib2"
| #define PACKAGE_VERSION "1.10.0"
| #define PACKAGE_STRING "imlib2 1.10.0"
| #define PACKAGE_BUGREPORT "enlightenment-devel@lists.sourceforge.net"
| #define PACKAGE_URL ""
| #define PACKAGE "imlib2"
| #define VERSION "1.10.0"
| #define HAVE_STDIO_H 1
| #define HAVE_STDLIB_H 1
| #define HAVE_STRING_H 1
| #define HAVE_INTTYPES_H 1
| #define HAVE_STDINT_H 1
| #define HAVE_STRINGS_H 1
| #define HAVE_SYS_STAT_H 1
| #define HAVE_SYS_TYPES_H 1
| #define HAVE_UNISTD_H 1
| #define HAVE_WCHAR_H 1
| #define STDC_HEADERS 1
| #define _ALL_SOURCE 1
| #define _DARWIN_C_SOURCE 1
| #define _GNU_SOURCE 1
| #define _HPUX_ALT_XOPEN_SOCKET_API 1
| #define _NETBSD_SOURCE 1
| #define _OPENBSD_SOURCE 1
| #define _POSIX_PTHREAD_SEMANTICS 1
| #define __STDC_WANT_IEC_60559_ATTRIBS_EXT__ 1
| #define __STDC_WANT_IEC_60559_BFP_EXT__ 1
| #define __STDC_WANT_IEC_60559_DFP_EXT__ 1
| #define __STDC_WANT_IEC_60559_FUNCS_EXT__ 1
| #define __STDC_WANT_IEC_60559_TYPES_EXT__ 1
| #define __STDC_WANT_LIB_EXT2__ 1
| #define __STDC_WANT_MATH_SPEC_FUNCS__ 1
| #define _TANDEM_SOURCE 1
| #define __EXTENSIONS__ 1
| #define HAVE_DLFCN_H 1
| #define LT_OBJDIR ".libs/"
| #define DO_AMD64_ASM 1
| /* end confdefs.h.  */
| #include <ac_nonexistent.h>
configure:19057: checking for X
configure:19095: gcc -o conftest -g -O2   conftest.c -lX11  >&5
configure:19095: $? = 0
configure:19282: result: libraries , headers 
configure:19380: gcc -o conftest -g -O2   conftest.c   -lX11 >&5
configure:19380: $? = 0
configure:19479: checking for gethostbyname
configure:19479: gcc -o conftest -g -O2   conftest.c  >&5
configure:19479: $? = 0
configure:19479: result: yes
configure:19577: checking for connect
configure:19577: gcc -o conftest -g -O2   conftest.c  >&5
configure:19577: $? = 0
configure:19577: result: yes
configure:19627: checking for remove
configure:19627: gcc -o conftest -g -O2   conftest.c  >&5
configure:19627: $? = 0
configure:19627: result: yes
configure:19677: checking for shmat
configure:19677: gcc -o conftest -g -O2   conftest.c  >&5
configure:19677: $? = 0
configure:19677: result: yes
configure:19736: checking for IceConnectionNumber in -lICE
configure:19759: gcc -o conftest -g -O2   conftest.c -lICE   >&5
configure:19759: $? = 0
configure:19769: result: yes
configure:19792: checking whether to enable X11 MIT-SHM FD-passing support
configure:19810: result: auto
configure:19816: checking for X_SHM_FD
configure:19823: $PKG_CONFIG --exists --print-errors "x11-xcb xcb xcb-shm >= 1.9"
configure:19826: $? = 0
configure:19840: $PKG_CONFIG --exists --print-errors "x11-xcb xcb xcb-shm >= 1.9"
configure:19843: $? = 0
configure:19881: result: yes
configure:19906: checking for dlopen in -ldl
configure:19929: gcc -o conftest -g -O2   conftest.c -ldl   >&5
configure:19929: $? = 0
configure:19939: result: yes
configure:19951: checking for clock_gettime
configure:19951: gcc -o conftest -g -O2   conftest.c  >&5
configure:19951: $? = 0
configure:19951: result: yes
configure:20076: checking whether to enable GIF support
configure:20088: result: auto
configure:20014: checking for DGifOpenFileName in -lgif
configure:20037: gcc -o conftest -g -O2   conftest.c -lgif   >&5
configure:20037: $? = 0
configure:20047: result: yes
configure:20057: checking for gif_lib.h
configure:20057: gcc -c -g -O2  conftest.c >&5
configure:20057: $? = 0
configure:20057: result: yes
configure:20133: checking whether to enable HEIF support
configure:20145: result: auto
configure:20152: checking for HEIF
configure:20159: $PKG_CONFIG --exists --print-errors "libheif"
Package libheif was not found in the pkg-config search path.
Perhaps you should add the directory containing `libheif.pc'
to the PKG_CONFIG_PATH environment variable
No package 'libheif' found
configure:20162: $? = 1
configure:20176: $PKG_CONFIG --exists --print-errors "libheif"
Package libheif was not found in the pkg-config search path.
Perhaps you should add the directory containing `libheif.pc'
to the PKG_CONFIG_PATH environment variable
No package 'libheif' found
configure:20179: $? = 1
configure:20193: result: no
No package 'libheif' found
configure:20227: WARNING: *** HEIF support will not be built (auto not found) ***
configure:20256: checking whether to enable JPEG support
configure:20268: result: auto
configure:20275: checking for JPEG
configure:20282: $PKG_CONFIG --exists --print-errors "libjpeg"
configure:20285: $? = 0
configure:20299: $PKG_CONFIG --exists --print-errors "libjpeg"
configure:20302: $? = 0
configure:20340: result: yes
configure:20379: checking whether to enable J2K support
configure:20391: result: auto
configure:20398: checking for J2K
configure:20405: $PKG_CONFIG --exists --print-errors "libopenjp2"
configure:20408: $? = 0
configure:20422: $PKG_CONFIG --exists --print-errors "libopenjp2"
configure:20425: $? = 0
configure:20463: result: yes
configure:20502: checking whether to enable JXL support
configure:20514: result: auto
configure:20521: checking for JXL
configure:20528: $PKG_CONFIG --exists --print-errors "libjxl libjxl_threads"
Package libjxl was not found in the pkg-config search path.
Perhaps you should add the directory containing `libjxl.pc'
to the PKG_CONFIG_PATH environment variable
No package 'libjxl' found
Package libjxl_threads was not found in the pkg-config search path.
Perhaps you should add the directory containing `libjxl_threads.pc'
to the PKG_CONFIG_PATH environment variable
No package 'libjxl_threads' found
configure:20531: $? = 1
configure:20545: $PKG_CONFIG --exists --print-errors "libjxl libjxl_threads"
Package libjxl was not found in the pkg-config search path.
Perhaps you should add the directory containing `libjxl.pc'
to the PKG_CONFIG_PATH environment variable
No package 'libjxl' found
Package libjxl_threads was not found in the pkg-config search path.
Perhaps you should add the directory containing `libjxl_threads.pc'
to the PKG_CONFIG_PATH environment variable
No package 'libjxl_threads' found
configure:20548: $? = 1
configure:20562: result: no
No package 'libjxl' found
No package 'libjxl_threads' found
configure:20596: WARNING: *** JXL support will not be built (auto not found) ***
configure:20625: checking whether to enable PNG support
configure:20637: result: auto
configure:20644: checking for PNG
configure:20651: $PKG_CONFIG --exists --print-errors "libpng"
configure:20654: $? = 0
configure:20668: $PKG_CONFIG --exists --print-errors "libpng"
configure:20671: $? = 0
configure:20709: result: yes
configure:20748: checking whether to enable PS support
configure:20760: result: auto
configure:20767: checking for PS
configure:20774: $PKG_CONFIG --exists --print-errors "libspectre"
configure:20777: $? = 0
configure:20791: $PKG_CONFIG --exists --print-errors "libspectre"
configure:20794: $? = 0
configure:20832: result: yes
configure:20871: checking whether to enable SVG support
configure:20883: result: auto
configure:20890: checking for SVG
configure:20897: $PKG_CONFIG --exists --print-errors "librsvg-2.0 >= 2.46"
configure:20900: $? = 0
configure:20914: $PKG_CONFIG --exists --print-errors "librsvg-2.0 >= 2.46"
configure:20917: $? = 0
configure:20955: result: yes
configure:20994: checking whether to enable TIFF support
configure:21006: result: auto
configure:21013: checking for TIFF
configure:21020: $PKG_CONFIG --exists --print-errors "libtiff-4"
configure:21023: $? = 0
configure:21037: $PKG_CONFIG --exists --print-errors "libtiff-4"
configure:21040: $? = 0
configure:21078: result: yes
configure:21117: checking whether to enable WEBP support
configure:21129: result: auto
configure:21136: checking for WEBP
configure:21143: $PKG_CONFIG --exists --print-errors "libwebpdemux"
configure:21146: $? = 0
configure:21160: $PKG_CONFIG --exists --print-errors "libwebpdemux"
configure:21163: $? = 0
configure:21201: result: yes
configure:21299: checking whether to enable BZ2 support
configure:21311: result: auto
configure:21318: checking for BZ2
configure:21325: $PKG_CONFIG --exists --print-errors "bzip2"
configure:21328: $? = 0
configure:21342: $PKG_CONFIG --exists --print-errors "bzip2"
configure:21345: $? = 0
configure:21383: result: yes
configure:21426: checking whether to enable LZMA support
configure:21438: result: auto
configure:21445: checking for LZMA
configure:21452: $PKG_CONFIG --exists --print-errors "liblzma"
configure:21455: $? = 0
configure:21469: $PKG_CONFIG --exists --print-errors "liblzma"
configure:21472: $? = 0
configure:21510: result: yes
configure:21549: checking whether to enable ZLIB support
configure:21561: result: auto
configure:21568: checking for ZLIB
configure:21575: $PKG_CONFIG --exists --print-errors "zlib"
configure:21578: $? = 0
configure:21592: $PKG_CONFIG --exists --print-errors "zlib"
configure:21595: $? = 0
configure:21633: result: yes
configure:21673: checking whether to enable ID3 support
configure:21685: result: auto
configure:21692: checking for ID3
configure:21699: $PKG_CONFIG --exists --print-errors "id3tag"
configure:21702: $? = 0
configure:21716: $PKG_CONFIG --exists --print-errors "id3tag"
configure:21719: $? = 0
configure:21757: result: yes
configure:21928: checking for simple visibility declarations
configure:21956: gcc -c -g -O2 -fvisibility=hidden  conftest.c >&5
configure:21956: $? = 0
configure:21966: result: yes
configure:22115: checking that generated files are newer than configure
configure:22121: result: done
configure:22245: creating ./config.status

## ---------------------- ##
## Running config.status. ##
## ---------------------- ##

This file was extended by imlib2 config.status 1.10.0, which was
generated by GNU Autoconf 2.71.  Invocation command line was

  CONFIG_FILES    = 
  CONFIG_HEADERS  = 
  CONFIG_LINKS    = 
  CONFIG_COMMANDS = 
  $ ./config.status 

on mbp.lngn.net

config.status:1301: creating Makefile
config.status:1301: creating imlib2.pc
config.status:1301: creating src/Makefile
config.status:1301: creating src/lib/Makefile
config.status:1301: creating src/lib/Imlib2.h
config.status:1301: creating src/bin/Makefile
config.status:1301: creating src/modules/Makefile
config.status:1301: creating src/modules/filters/Makefile
config.status:1301: creating src/modules/loaders/Makefile
config.status:1301: creating test/Makefile
config.status:1301: creating data/Makefile
config.status:1301: creating data/fonts/Makefile
config.status:1301: creating data/images/Makefile
config.status:1301: creating doc/Makefile
config.status:1301: creating doc/Doxyfile
config.status:1301: creating doc/imlib2_intro.dox
config.status:1301: creating README
config.status:1301: creating config.h
config.status:1530: executing depfiles commands
config.status:1607: cd src/lib       && sed -e '/# am--include-marker/d' Makefile         | make -f - am--depfiles
config.status:1612: $? = 0
config.status:1607: cd src/bin       && sed -e '/# am--include-marker/d' Makefile         | make -f - am--depfiles
config.status:1612: $? = 0
config.status:1607: cd src/modules/filters       && sed -e '/# am--include-marker/d' Makefile         | make -f - am--depfiles
config.status:1612: $? = 0
config.status:1607: cd src/modules/loaders       && sed -e '/# am--include-marker/d' Makefile         | make -f - am--depfiles
config.status:1612: $? = 0
config.status:1530: executing libtool commands

## ---------------- ##
## Cache variables. ##
## ---------------- ##

ac_cv_build=x86_64-pc-linux-gnu
ac_cv_c_bigendian=no
ac_cv_c_compiler_gnu=yes
ac_cv_c_const=yes
ac_cv_cxx_compiler_gnu=yes
ac_cv_env_BZ2_CFLAGS_set=
ac_cv_env_BZ2_CFLAGS_value=
ac_cv_env_BZ2_LIBS_set=
ac_cv_env_BZ2_LIBS_value=
ac_cv_env_CCASFLAGS_set=
ac_cv_env_CCASFLAGS_value=
ac_cv_env_CCAS_set=
ac_cv_env_CCAS_value=
ac_cv_env_CCC_set=
ac_cv_env_CCC_value=
ac_cv_env_CC_set=
ac_cv_env_CC_value=
ac_cv_env_CFLAGS_set=
ac_cv_env_CFLAGS_value=
ac_cv_env_CPPFLAGS_set=
ac_cv_env_CPPFLAGS_value=
ac_cv_env_CPP_set=
ac_cv_env_CPP_value=
ac_cv_env_CXXCPP_set=
ac_cv_env_CXXCPP_value=
ac_cv_env_CXXFLAGS_set=
ac_cv_env_CXXFLAGS_value=
ac_cv_env_CXX_set=
ac_cv_env_CXX_value=
ac_cv_env_FREETYPE_CFLAGS_set=
ac_cv_env_FREETYPE_CFLAGS_value=
ac_cv_env_FREETYPE_LIBS_set=
ac_cv_env_FREETYPE_LIBS_value=
ac_cv_env_HEIF_CFLAGS_set=
ac_cv_env_HEIF_CFLAGS_value=
ac_cv_env_HEIF_LIBS_set=
ac_cv_env_HEIF_LIBS_value=
ac_cv_env_ID3_CFLAGS_set=
ac_cv_env_ID3_CFLAGS_value=
ac_cv_env_ID3_LIBS_set=
ac_cv_env_ID3_LIBS_value=
ac_cv_env_J2K_CFLAGS_set=
ac_cv_env_J2K_CFLAGS_value=
ac_cv_env_J2K_LIBS_set=
ac_cv_env_J2K_LIBS_value=
ac_cv_env_JPEG_CFLAGS_set=
ac_cv_env_JPEG_CFLAGS_value=
ac_cv_env_JPEG_LIBS_set=
ac_cv_env_JPEG_LIBS_value=
ac_cv_env_JXL_CFLAGS_set=
ac_cv_env_JXL_CFLAGS_value=
ac_cv_env_JXL_LIBS_set=
ac_cv_env_JXL_LIBS_value=
ac_cv_env_LDFLAGS_set=
ac_cv_env_LDFLAGS_value=
ac_cv_env_LIBS_set=
ac_cv_env_LIBS_value=
ac_cv_env_LT_SYS_LIBRARY_PATH_set=
ac_cv_env_LT_SYS_LIBRARY_PATH_value=
ac_cv_env_LZMA_CFLAGS_set=
ac_cv_env_LZMA_CFLAGS_value=
ac_cv_env_LZMA_LIBS_set=
ac_cv_env_LZMA_LIBS_value=
ac_cv_env_PKG_CONFIG_LIBDIR_set=
ac_cv_env_PKG_CONFIG_LIBDIR_value=
ac_cv_env_PKG_CONFIG_PATH_set=set
ac_cv_env_PKG_CONFIG_PATH_value=/usr/local/lib64/pkgconfig:/usr/local/share/pkgconfig:/usr/lib64/pkgconfig:/usr/share/pkgconfig:/usr/local/lib64/pkgconfig:/usr/local/share/pkgconfig
ac_cv_env_PKG_CONFIG_set=
ac_cv_env_PKG_CONFIG_value=
ac_cv_env_PNG_CFLAGS_set=
ac_cv_env_PNG_CFLAGS_value=
ac_cv_env_PNG_LIBS_set=
ac_cv_env_PNG_LIBS_value=
ac_cv_env_PS_CFLAGS_set=
ac_cv_env_PS_CFLAGS_value=
ac_cv_env_PS_LIBS_set=
ac_cv_env_PS_LIBS_value=
ac_cv_env_SVG_CFLAGS_set=
ac_cv_env_SVG_CFLAGS_value=
ac_cv_env_SVG_LIBS_set=
ac_cv_env_SVG_LIBS_value=
ac_cv_env_TIFF_CFLAGS_set=
ac_cv_env_TIFF_CFLAGS_value=
ac_cv_env_TIFF_LIBS_set=
ac_cv_env_TIFF_LIBS_value=
ac_cv_env_WEBP_CFLAGS_set=
ac_cv_env_WEBP_CFLAGS_value=
ac_cv_env_WEBP_LIBS_set=
ac_cv_env_WEBP_LIBS_value=
ac_cv_env_XMKMF_set=
ac_cv_env_XMKMF_value=
ac_cv_env_X_SHM_FD_CFLAGS_set=
ac_cv_env_X_SHM_FD_CFLAGS_value=
ac_cv_env_X_SHM_FD_LIBS_set=
ac_cv_env_X_SHM_FD_LIBS_value=
ac_cv_env_ZLIB_CFLAGS_set=
ac_cv_env_ZLIB_CFLAGS_value=
ac_cv_env_ZLIB_LIBS_set=
ac_cv_env_ZLIB_LIBS_value=
ac_cv_env_build_alias_set=
ac_cv_env_build_alias_value=
ac_cv_env_host_alias_set=
ac_cv_env_host_alias_value=
ac_cv_env_target_alias_set=
ac_cv_env_target_alias_value=
ac_cv_func_clock_gettime=yes
ac_cv_func_connect=yes
ac_cv_func_gethostbyname=yes
ac_cv_func_remove=yes
ac_cv_func_shmat=yes
ac_cv_have_x='have_x=yes	ac_x_includes='\'''\''	ac_x_libraries='\'''\'''
ac_cv_header_dlfcn_h=yes
ac_cv_header_gif_lib_h=yes
ac_cv_header_inttypes_h=yes
ac_cv_header_minix_config_h=no
ac_cv_header_stdint_h=yes
ac_cv_header_stdio_h=yes
ac_cv_header_stdlib_h=yes
ac_cv_header_string_h=yes
ac_cv_header_strings_h=yes
ac_cv_header_sys_stat_h=yes
ac_cv_header_sys_types_h=yes
ac_cv_header_unistd_h=yes
ac_cv_header_wchar_h=yes
ac_cv_host=x86_64-pc-linux-gnu
ac_cv_lib_ICE_IceConnectionNumber=yes
ac_cv_lib_dl_dlopen=yes
ac_cv_lib_gif_DGifOpenFileName=yes
ac_cv_objext=o
ac_cv_path_EGREP='/usr/bin/grep -E'
ac_cv_path_FGREP='/usr/bin/grep -F'
ac_cv_path_GREP=/usr/bin/grep
ac_cv_path_SED=/usr/bin/sed
ac_cv_path_ac_pt_PKG_CONFIG=/usr/bin/pkg-config
ac_cv_path_install='/usr/bin/ginstall -c'
ac_cv_path_lt_DD=/usr/bin/dd
ac_cv_path_mkdir=/usr/bin/mkdir
ac_cv_prog_AWK=gawk
ac_cv_prog_CPP='gcc -E'
ac_cv_prog_CXXCPP='g++ -E'
ac_cv_prog_ac_ct_AR=ar
ac_cv_prog_ac_ct_CC=gcc
ac_cv_prog_ac_ct_CXX=g++
ac_cv_prog_ac_ct_DLLTOOL=dlltool
ac_cv_prog_ac_ct_FILECMD=file
ac_cv_prog_ac_ct_MANIFEST_TOOL=mt
ac_cv_prog_ac_ct_OBJDUMP=objdump
ac_cv_prog_ac_ct_RANLIB=ranlib
ac_cv_prog_ac_ct_STRIP=strip
ac_cv_prog_cc_c11=
ac_cv_prog_cc_g=yes
ac_cv_prog_cc_stdc=
ac_cv_prog_cxx_cxx11=
ac_cv_prog_cxx_g=yes
ac_cv_prog_cxx_stdcxx=
ac_cv_prog_make_make_set=yes
ac_cv_safe_to_define___extensions__=yes
ac_cv_should_define__xopen_source=no
am_cv_CCAS_dependencies_compiler_type=gcc3
am_cv_CC_dependencies_compiler_type=gcc3
am_cv_CXX_dependencies_compiler_type=gcc3
am_cv_make_support_nested_variables=yes
am_cv_prog_cc_c_o=yes
ec_cv_cc_visibility=yes
lt_cv_ar_at_file=@
lt_cv_archive_cmds_need_lc=no
lt_cv_deplibs_check_method=pass_all
lt_cv_file_magic_cmd='$MAGIC_CMD'
lt_cv_file_magic_test_file=
lt_cv_ld_reload_flag=-r
lt_cv_nm_interface='BSD nm'
lt_cv_objdir=.libs
lt_cv_path_LD=/usr/bin/ld
lt_cv_path_LDCXX='/usr/bin/ld -m elf_x86_64'
lt_cv_path_NM='/usr/bin/nm -B'
lt_cv_path_mainfest_tool=no
lt_cv_prog_compiler_c_o=yes
lt_cv_prog_compiler_c_o_CXX=yes
lt_cv_prog_compiler_pic='-fPIC -DPIC'
lt_cv_prog_compiler_pic_CXX='-fPIC -DPIC'
lt_cv_prog_compiler_pic_works=yes
lt_cv_prog_compiler_pic_works_CXX=yes
lt_cv_prog_compiler_rtti_exceptions=no
lt_cv_prog_compiler_static_works=yes
lt_cv_prog_compiler_static_works_CXX=yes
lt_cv_prog_gnu_ld=yes
lt_cv_prog_gnu_ldcxx=yes
lt_cv_sharedlib_from_linklib_cmd='printf %s\n'
lt_cv_shlibpath_overrides_runpath=no
lt_cv_sys_global_symbol_pipe='/usr/bin/sed -n -e '\''s/^.*[	 ]\([ABCDGIRSTW][ABCDGIRSTW]*\)[	 ][	 ]*\([_A-Za-z][_A-Za-z0-9]*\)$/\1 \2 \2/p'\'' | /usr/bin/sed '\''/ __gnu_lto/d'\'''
lt_cv_sys_global_symbol_to_c_name_address='/usr/bin/sed -n -e '\''s/^: \(.*\) .*$/  {"\1", (void *) 0},/p'\'' -e '\''s/^[ABCDGIRSTW][ABCDGIRSTW]* .* \(.*\)$/  {"\1", (void *) \&\1},/p'\'''
lt_cv_sys_global_symbol_to_c_name_address_lib_prefix='/usr/bin/sed -n -e '\''s/^: \(.*\) .*$/  {"\1", (void *) 0},/p'\'' -e '\''s/^[ABCDGIRSTW][ABCDGIRSTW]* .* \(lib.*\)$/  {"\1", (void *) \&\1},/p'\'' -e '\''s/^[ABCDGIRSTW][ABCDGIRSTW]* .* \(.*\)$/  {"lib\1", (void *) \&\1},/p'\'''
lt_cv_sys_global_symbol_to_cdecl='/usr/bin/sed -n -e '\''s/^T .* \(.*\)$/extern int \1();/p'\'' -e '\''s/^[ABCDGIRSTW][ABCDGIRSTW]* .* \(.*\)$/extern char \1;/p'\'''
lt_cv_sys_global_symbol_to_import=
lt_cv_sys_max_cmd_len=1572864
lt_cv_to_host_file_cmd=func_convert_file_noop
lt_cv_to_tool_file_cmd=func_convert_file_noop
lt_cv_truncate_bin='/usr/bin/dd bs=4096 count=1'
pkg_cv_BZ2_CFLAGS=
pkg_cv_BZ2_LIBS=-lbz2
pkg_cv_FREETYPE_CFLAGS='-I/usr/include/freetype2 -I/usr/include/libpng16 -I/usr/include/harfbuzz -I/usr/include/glib-2.0 -I/usr/lib64/glib-2.0/include'
pkg_cv_FREETYPE_LIBS=-lfreetype
pkg_cv_ID3_CFLAGS=
pkg_cv_ID3_LIBS='-lid3tag -lz'
pkg_cv_J2K_CFLAGS=-I/usr/include/openjpeg-2.5
pkg_cv_J2K_LIBS=-lopenjp2
pkg_cv_JPEG_CFLAGS=
pkg_cv_JPEG_LIBS=-ljpeg
pkg_cv_LZMA_CFLAGS=
pkg_cv_LZMA_LIBS=-llzma
pkg_cv_PNG_CFLAGS=-I/usr/include/libpng16
pkg_cv_PNG_LIBS=-lpng16
pkg_cv_PS_CFLAGS=
pkg_cv_PS_LIBS=-lspectre
pkg_cv_SVG_CFLAGS='-pthread -I/usr/include/librsvg-2.0 -I/usr/include/gdk-pixbuf-2.0 -I/usr/include/libmount -I/usr/include/blkid -I/usr/include/cairo -I/usr/include/pixman-1 -I/usr/include/libxml2 -I/usr/include/freetype2 -I/usr/include/harfbuzz -I/usr/include/glib-2.0 -I/usr/lib64/glib-2.0/include -I/usr/include/libpng16'
pkg_cv_SVG_LIBS='-lrsvg-2 -lm -lgio-2.0 -lgdk_pixbuf-2.0 -lgobject-2.0 -lglib-2.0 -lcairo'
pkg_cv_TIFF_CFLAGS=
pkg_cv_TIFF_LIBS=-ltiff
pkg_cv_WEBP_CFLAGS=
pkg_cv_WEBP_LIBS='-lwebpdemux -lwebp'
pkg_cv_X_SHM_FD_CFLAGS=
pkg_cv_X_SHM_FD_LIBS='-lX11-xcb -lX11 -lxcb -lxcb-shm'
pkg_cv_ZLIB_CFLAGS=
pkg_cv_ZLIB_LIBS=-lz

## ----------------- ##
## Output variables. ##
## ----------------- ##

ACLOCAL='${SHELL} '\''/home/jbl/Documents/GitHub/nwg-shell/imlib2/imlib2-1.10.0/missing'\'' aclocal-1.16'
AMDEPBACKSLASH='\'
AMDEP_FALSE='#'
AMDEP_TRUE=''
AMTAR='$${TAR-tar}'
AM_BACKSLASH='\'
AM_DEFAULT_V='$(AM_DEFAULT_VERBOSITY)'
AM_DEFAULT_VERBOSITY='0'
AM_V='$(V)'
AR='ar'
AUTOCONF='${SHELL} '\''/home/jbl/Documents/GitHub/nwg-shell/imlib2/imlib2-1.10.0/missing'\'' autoconf'
AUTOHEADER='${SHELL} '\''/home/jbl/Documents/GitHub/nwg-shell/imlib2/imlib2-1.10.0/missing'\'' autoheader'
AUTOMAKE='${SHELL} '\''/home/jbl/Documents/GitHub/nwg-shell/imlib2/imlib2-1.10.0/missing'\'' automake-1.16'
AWK='gawk'
BUILD_AMD64_FALSE='#'
BUILD_AMD64_TRUE=''
BUILD_BZ2_LOADER_FALSE='#'
BUILD_BZ2_LOADER_TRUE=''
BUILD_DEBUG_FALSE=''
BUILD_DEBUG_TRUE='#'
BUILD_DOC_FALSE=''
BUILD_DOC_TRUE='#'
BUILD_GIF_LOADER_FALSE='#'
BUILD_GIF_LOADER_TRUE=''
BUILD_HEIF_LOADER_FALSE=''
BUILD_HEIF_LOADER_TRUE='#'
BUILD_ID3_LOADER_FALSE='#'
BUILD_ID3_LOADER_TRUE=''
BUILD_J2K_LOADER_FALSE='#'
BUILD_J2K_LOADER_TRUE=''
BUILD_JPEG_LOADER_FALSE='#'
BUILD_JPEG_LOADER_TRUE=''
BUILD_JXL_LOADER_FALSE=''
BUILD_JXL_LOADER_TRUE='#'
BUILD_LZMA_LOADER_FALSE='#'
BUILD_LZMA_LOADER_TRUE=''
BUILD_MMX_FALSE=''
BUILD_MMX_TRUE='#'
BUILD_PNG_LOADER_FALSE='#'
BUILD_PNG_LOADER_TRUE=''
BUILD_PS_LOADER_FALSE='#'
BUILD_PS_LOADER_TRUE=''
BUILD_SVG_LOADER_FALSE='#'
BUILD_SVG_LOADER_TRUE=''
BUILD_TEST_FALSE=''
BUILD_TEST_TRUE='#'
BUILD_TIFF_LOADER_FALSE='#'
BUILD_TIFF_LOADER_TRUE=''
BUILD_WEBP_LOADER_FALSE='#'
BUILD_WEBP_LOADER_TRUE=''
BUILD_X11_FALSE='#'
BUILD_X11_TRUE=''
BUILD_ZLIB_LOADER_FALSE='#'
BUILD_ZLIB_LOADER_TRUE=''
BZ2_CFLAGS=''
BZ2_LIBS='-lbz2'
CC='gcc'
CCAS='gcc'
CCASDEPMODE='depmode=gcc3'
CCASFLAGS='-g -O2'
CCDEPMODE='depmode=gcc3'
CFLAGS='-g -O2'
CFLAGS_ASAN=''
CFLAGS_VISIBILITY='-fvisibility=hidden'
CFLAGS_WARNINGS='-W -Wall -Wcast-align -Wpointer-arith -Wshadow -Wwrite-strings -Wno-unused-parameter -Wmissing-prototypes -Wmissing-declarations -Wstrict-prototypes'
CLOCK_LIBS=''
CPP='gcc -E'
CPPFLAGS=''
CSCOPE='cscope'
CTAGS='ctags'
CXX='g++'
CXXCPP='g++ -E'
CXXDEPMODE='depmode=gcc3'
CXXFLAGS='-g -O2'
CYGPATH_W='echo'
DEFS='-DHAVE_CONFIG_H'
DEPDIR='.deps'
DLLTOOL='dlltool'
DLOPEN_LIBS='-ldl'
DSYMUTIL=''
DUMPBIN=''
ECHO_C=''
ECHO_N='-n'
ECHO_T=''
EGREP='/usr/bin/grep -E'
ENABLE_FILTERS_FALSE='#'
ENABLE_FILTERS_TRUE=''
ENABLE_TEXT_FALSE='#'
ENABLE_TEXT_TRUE=''
ETAGS='etags'
EXEEXT=''
FGREP='/usr/bin/grep -F'
FILECMD='file'
FREETYPE_CFLAGS='-I/usr/include/freetype2 -I/usr/include/libpng16 -I/usr/include/harfbuzz -I/usr/include/glib-2.0 -I/usr/lib64/glib-2.0/include'
FREETYPE_LIBS='-lfreetype'
GIF_LIBS='-lgif'
GREP='/usr/bin/grep'
HAVE_VISIBILITY='1'
HEIF_CFLAGS=''
HEIF_LIBS=''
ID3_CFLAGS=''
ID3_LIBS='-lid3tag -lz'
INSTALL_DATA='${INSTALL} -m 644'
INSTALL_PROGRAM='${INSTALL}'
INSTALL_SCRIPT='${INSTALL}'
INSTALL_STRIP_PROGRAM='$(install_sh) -c -s'
J2K_CFLAGS='-I/usr/include/openjpeg-2.5'
J2K_LIBS='-lopenjp2'
JPEG_CFLAGS=''
JPEG_LIBS='-ljpeg'
JXL_CFLAGS=''
JXL_LIBS=''
LD='/usr/bin/ld -m elf_x86_64'
LDFLAGS=''
LIBOBJS=''
LIBS=''
LIBTOOL='$(SHELL) $(top_builddir)/libtool'
LIPO=''
LN_S='ln -s'
LTLIBOBJS=''
LT_SYS_LIBRARY_PATH=''
LZMA_CFLAGS=''
LZMA_LIBS='-llzma'
MAKEINFO='${SHELL} '\''/home/jbl/Documents/GitHub/nwg-shell/imlib2/imlib2-1.10.0/missing'\'' makeinfo'
MANIFEST_TOOL=':'
MKDIR_P='/usr/bin/mkdir -p'
NM='/usr/bin/nm -B'
NMEDIT=''
OBJDUMP='objdump'
OBJEXT='o'
OTOOL64=''
OTOOL=''
PACKAGE='imlib2'
PACKAGE_BUGREPORT='enlightenment-devel@lists.sourceforge.net'
PACKAGE_NAME='imlib2'
PACKAGE_STRING='imlib2 1.10.0'
PACKAGE_TARNAME='imlib2'
PACKAGE_URL=''
PACKAGE_VERSION='1.10.0'
PATH_SEPARATOR=':'
PKG_CONFIG='/usr/bin/pkg-config'
PKG_CONFIG_LIBDIR=''
PKG_CONFIG_PATH='/usr/local/lib64/pkgconfig:/usr/local/share/pkgconfig:/usr/lib64/pkgconfig:/usr/share/pkgconfig:/usr/local/lib64/pkgconfig:/usr/local/share/pkgconfig'
PNG_CFLAGS='-I/usr/include/libpng16'
PNG_LIBS='-lpng16'
PS_CFLAGS=''
PS_LIBS='-lspectre'
RANLIB='ranlib'
SED='/usr/bin/sed'
SET_MAKE=''
SHELL='/bin/sh'
STRIP='strip'
SVG_CFLAGS='-pthread -I/usr/include/librsvg-2.0 -I/usr/include/gdk-pixbuf-2.0 -I/usr/include/libmount -I/usr/include/blkid -I/usr/include/cairo -I/usr/include/pixman-1 -I/usr/include/libxml2 -I/usr/include/freetype2 -I/usr/include/harfbuzz -I/usr/include/glib-2.0 -I/usr/lib64/glib-2.0/include -I/usr/include/libpng16'
SVG_LIBS='-lrsvg-2 -lm -lgio-2.0 -lgdk_pixbuf-2.0 -lgobject-2.0 -lglib-2.0 -lcairo'
TIFF_CFLAGS=''
TIFF_LIBS='-ltiff'
VERSION='1.10.0'
VERSION_MAJOR='1'
VERSION_MICRO='0'
VERSION_MINOR='10'
WEBP_CFLAGS=''
WEBP_LIBS='-lwebpdemux -lwebp'
XMKMF=''
X_CFLAGS=''
X_EXTRA_LIBS=''
X_LIBS=''
X_PRE_LIBS=' -lSM -lICE'
X_SHM_FD_CFLAGS=''
X_SHM_FD_LIBS='-lX11-xcb -lX11 -lxcb -lxcb-shm'
ZLIB_CFLAGS=''
ZLIB_LIBS='-lz'
ac_ct_AR='ar'
ac_ct_CC='gcc'
ac_ct_CXX='g++'
ac_ct_DUMPBIN=''
am__EXEEXT_FALSE=''
am__EXEEXT_TRUE='#'
am__fastdepCCAS_FALSE='#'
am__fastdepCCAS_TRUE=''
am__fastdepCC_FALSE='#'
am__fastdepCC_TRUE=''
am__fastdepCXX_FALSE='#'
am__fastdepCXX_TRUE=''
am__include='include'
am__isrc=''
am__leading_dot='.'
am__nodep='_no'
am__quote=''
am__tar='$${TAR-tar} chof - "$$tardir"'
am__untar='$${TAR-tar} xf -'
bindir='${exec_prefix}/bin'
build='x86_64-pc-linux-gnu'
build_alias=''
build_cpu='x86_64'
build_os='linux-gnu'
build_vendor='pc'
datadir='${datarootdir}'
datarootdir='${prefix}/share'
docdir='${datarootdir}/doc/${PACKAGE_TARNAME}'
dvidir='${docdir}'
exec_prefix='${prefix}'
host='x86_64-pc-linux-gnu'
host_alias=''
host_cpu='x86_64'
host_os='linux-gnu'
host_vendor='pc'
htmldir='${docdir}'
includedir='${prefix}/include'
infodir='${datarootdir}/info'
install_sh='${SHELL} /home/jbl/Documents/GitHub/nwg-shell/imlib2/imlib2-1.10.0/install-sh'
libdir='${exec_prefix}/lib'
libexecdir='${exec_prefix}/libexec'
localedir='${datarootdir}/locale'
localstatedir='${prefix}/var'
lt_version='11:0:10'
mandir='${datarootdir}/man'
mkdir_p='$(MKDIR_P)'
oldincludedir='/usr/include'
pdfdir='${docdir}'
prefix='/usr/local'
program_transform_name='s,x,x,'
psdir='${docdir}'
runstatedir='${localstatedir}/run'
sbindir='${exec_prefix}/sbin'
sharedstatedir='${prefix}/com'
sysconfdir='${prefix}/etc'
target_alias=''

## ----------- ##
## confdefs.h. ##
## ----------- ##

/* confdefs.h */
#define PACKAGE_NAME "imlib2"
#define PACKAGE_TARNAME "imlib2"
#define PACKAGE_VERSION "1.10.0"
#define PACKAGE_STRING "imlib2 1.10.0"
#define PACKAGE_BUGREPORT "enlightenment-devel@lists.sourceforge.net"
#define PACKAGE_URL ""
#define PACKAGE "imlib2"
#define VERSION "1.10.0"
#define HAVE_STDIO_H 1
#define HAVE_STDLIB_H 1
#define HAVE_STRING_H 1
#define HAVE_INTTYPES_H 1
#define HAVE_STDINT_H 1
#define HAVE_STRINGS_H 1
#define HAVE_SYS_STAT_H 1
#define HAVE_SYS_TYPES_H 1
#define HAVE_UNISTD_H 1
#define HAVE_WCHAR_H 1
#define STDC_HEADERS 1
#define _ALL_SOURCE 1
#define _DARWIN_C_SOURCE 1
#define _GNU_SOURCE 1
#define _HPUX_ALT_XOPEN_SOCKET_API 1
#define _NETBSD_SOURCE 1
#define _OPENBSD_SOURCE 1
#define _POSIX_PTHREAD_SEMANTICS 1
#define __STDC_WANT_IEC_60559_ATTRIBS_EXT__ 1
#define __STDC_WANT_IEC_60559_BFP_EXT__ 1
#define __STDC_WANT_IEC_60559_DFP_EXT__ 1
#define __STDC_WANT_IEC_60559_FUNCS_EXT__ 1
#define __STDC_WANT_IEC_60559_TYPES_EXT__ 1
#define __STDC_WANT_LIB_EXT2__ 1
#define __STDC_WANT_MATH_SPEC_FUNCS__ 1
#define _TANDEM_SOURCE 1
#define __EXTENSIONS__ 1
#define HAVE_DLFCN_H 1
#define LT_OBJDIR ".libs/"
#define DO_AMD64_ASM 1
#define BUILD_X11 1
#define HAVE_X11_SHM_FD 1
#define HAVE_CLOCK_GETTIME 1
#define USE_MONOTONIC_CLOCK 1
#define BUILD_GIF_LOADER  1 
#define BUILD_JPEG_LOADER  1 
#define BUILD_J2K_LOADER  1 
#define BUILD_PNG_LOADER  1 
#define BUILD_PS_LOADER  1 
#define BUILD_SVG_LOADER  1 
#define BUILD_TIFF_LOADER  1 
#define BUILD_WEBP_LOADER  1 
#define BUILD_BZ2_LOADER  1 
#define BUILD_LZMA_LOADER  1 
#define BUILD_ZLIB_LOADER  1 
#define BUILD_ID3_LOADER  1 
#define ENABLE_FILTERS 1
#define ENABLE_TEXT 1
#define __EXPORT__ __attribute__((__visibility__("default")))
#define HAVE_VISIBILITY 1

configure: exit 0
